
Schedule started Wednesday, July 12, 2023 6:16:41 PM

Schedule started Wednesday, July 12, 2023 6:36:47 PM

Schedule started Wednesday, July 12, 2023 6:41:01 PM

Schedule started Wednesday, July 12, 2023 6:42:20 PM

Schedule stopped till Wednesday, July 12, 2023 6:47:21 PM

Schedule started Wednesday, July 12, 2023 6:43:18 PM

Schedule stopped till Wednesday, July 12, 2023 6:44:18 PM

Schedule started Wednesday, July 12, 2023 6:44:18 PM

Schedule stopped till Wednesday, July 12, 2023 6:45:18 PM

Schedule started Wednesday, July 12, 2023 6:53:07 PM

Schedule stopped till Wednesday, July 12, 2023 6:54:07 PM

Schedule started Wednesday, July 12, 2023 6:54:08 PM

Schedule stopped till Wednesday, July 12, 2023 6:55:08 PM

Schedule started Wednesday, July 12, 2023 6:56:32 PM

Schedule stopped till Wednesday, July 12, 2023 6:57:32 PM

Schedule started Wednesday, July 12, 2023 6:57:32 PM

Schedule stopped till Wednesday, July 12, 2023 6:58:32 PM

Schedule started Wednesday, July 12, 2023 7:10:01 PM

Schedule stopped till Wednesday, July 12, 2023 7:11:01 PM

Schedule stopped triggered...
 will be stopped after next run : Wednesday, July 12, 2023 7:11:01 PM

Schedule started Wednesday, July 12, 2023 7:12:42 PM

Schedule stopped till Wednesday, July 12, 2023 7:13:42 PM

Schedule stopped triggered...
 will be stopped after next run : Wednesday, July 12, 2023 7:13:42 PM

Schedule started Wednesday, July 12, 2023 7:14:14 PM

Schedule stopped till Wednesday, July 12, 2023 7:19:14 PM

Schedule stopped triggered...
 will be stopped after next run : Wednesday, July 12, 2023 7:19:14 PM

Schedule started Wednesday, July 12, 2023 7:15:32 PM

Schedule started Wednesday, July 12, 2023 7:16:05 PM

Schedule stopped till Wednesday, July 12, 2023 7:21:05 PM

Schedule stopped triggered...
 will be stopped after next run : Wednesday, July 12, 2023 7:21:05 PM

Schedule started Wednesday, July 12, 2023 7:16:47 PM

Schedule stopped till Wednesday, July 12, 2023 7:17:47 PM

Schedule stopped triggered...
 will be stopped after next run : Wednesday, July 12, 2023 7:17:47 PM

Schedule started Wednesday, July 12, 2023 7:18:42 PM

Schedule stopped till Wednesday, July 12, 2023 7:23:42 PM

Schedule stopped triggered...
 will be stopped after next run : Wednesday, July 12, 2023 7:23:42 PM

Schedule started Wednesday, July 12, 2023 7:19:48 PM

Schedule stopped till Wednesday, July 12, 2023 7:24:49 PM

Schedule stopped triggered...
 will be stopped after next run : Wednesday, July 12, 2023 7:24:49 PM

Schedule started Wednesday, July 12, 2023 7:23:51 PM

Schedule stopped till Wednesday, July 12, 2023 7:28:51 PM

Schedule stopped triggered...
 will be stopped after next run : Wednesday, July 12, 2023 7:28:51 PM

Schedule started Wednesday, July 12, 2023 7:24:11 PM

Schedule stopped till Wednesday, July 12, 2023 7:25:11 PM

Schedule started Wednesday, July 12, 2023 7:25:11 PM

Schedule stopped till Wednesday, July 12, 2023 7:26:11 PM

Schedule stopped triggered...
 will be stopped after next run : Wednesday, July 12, 2023 7:26:11 PM

Schedule started Wednesday, July 12, 2023 7:31:28 PM

Schedule stopped till Wednesday, July 12, 2023 7:32:28 PM

Schedule stopped triggered...
 next schedule cancelled at : Wednesday, July 12, 2023 7:32:28 PM

Checking for tmp files from total : 26

 Tring to add Scheduler into autostart...

 Scheduler Added to autostart...

Checking for tmp files from total : 26

Automatic start scheduler SAT initiated...Wednesday, September 13, 2023 2:52:27 PM

Checking for tmp files from total : 26

Automatic start scheduler SAT initiated...Wednesday, September 13, 2023 2:54:17 PM

Checking for tmp files from total : 26

 deleted C:\Users\paresh.sh\OneDrive - Caliber\OneDrive - caliberuniversal\Documents\Study\Scheduler\Scheduler - Pareshkumar Sharma\Scheduler - Pareshkumar Sharma\bin\Release\Check\dev_nco_rfc.log

 deleted C:\Users\paresh.sh\OneDrive - Caliber\OneDrive - caliberuniversal\Documents\Study\Scheduler\Scheduler - Pareshkumar Sharma\Scheduler - Pareshkumar Sharma\bin\Release\Check\dev_nco_rfc10580.log

 deleted C:\Users\paresh.sh\OneDrive - Caliber\OneDrive - caliberuniversal\Documents\Study\Scheduler\Scheduler - Pareshkumar Sharma\Scheduler - Pareshkumar Sharma\bin\Release\Check\dev_nco_rfc11716.log

 deleted C:\Users\paresh.sh\OneDrive - Caliber\OneDrive - caliberuniversal\Documents\Study\Scheduler\Scheduler - Pareshkumar Sharma\Scheduler - Pareshkumar Sharma\bin\Release\Check\dev_nco_rfc12260.log

 deleted C:\Users\paresh.sh\OneDrive - Caliber\OneDrive - caliberuniversal\Documents\Study\Scheduler\Scheduler - Pareshkumar Sharma\Scheduler - Pareshkumar Sharma\bin\Release\Check\dev_nco_rfc14392.log

 deleted C:\Users\paresh.sh\OneDrive - Caliber\OneDrive - caliberuniversal\Documents\Study\Scheduler\Scheduler - Pareshkumar Sharma\Scheduler - Pareshkumar Sharma\bin\Release\Check\dev_nco_rfc24704.log

 deleted C:\Users\paresh.sh\OneDrive - Caliber\OneDrive - caliberuniversal\Documents\Study\Scheduler\Scheduler - Pareshkumar Sharma\Scheduler - Pareshkumar Sharma\bin\Release\Check\dev_nco_rfc2672.log

 deleted C:\Users\paresh.sh\OneDrive - Caliber\OneDrive - caliberuniversal\Documents\Study\Scheduler\Scheduler - Pareshkumar Sharma\Scheduler - Pareshkumar Sharma\bin\Release\Check\dev_nco_rfc28200.log

 deleted C:\Users\paresh.sh\OneDrive - Caliber\OneDrive - caliberuniversal\Documents\Study\Scheduler\Scheduler - Pareshkumar Sharma\Scheduler - Pareshkumar Sharma\bin\Release\Check\dev_nco_rfc33476.log

 deleted C:\Users\paresh.sh\OneDrive - Caliber\OneDrive - caliberuniversal\Documents\Study\Scheduler\Scheduler - Pareshkumar Sharma\Scheduler - Pareshkumar Sharma\bin\Release\Check\dev_nco_rfc34956.log

 deleted C:\Users\paresh.sh\OneDrive - Caliber\OneDrive - caliberuniversal\Documents\Study\Scheduler\Scheduler - Pareshkumar Sharma\Scheduler - Pareshkumar Sharma\bin\Release\Check\dev_nco_rfc35112.log

 deleted C:\Users\paresh.sh\OneDrive - Caliber\OneDrive - caliberuniversal\Documents\Study\Scheduler\Scheduler - Pareshkumar Sharma\Scheduler - Pareshkumar Sharma\bin\Release\Check\dev_nco_rfc35584.log

 deleted C:\Users\paresh.sh\OneDrive - Caliber\OneDrive - caliberuniversal\Documents\Study\Scheduler\Scheduler - Pareshkumar Sharma\Scheduler - Pareshkumar Sharma\bin\Release\Check\dev_nco_rfc36188.log

 deleted C:\Users\paresh.sh\OneDrive - Caliber\OneDrive - caliberuniversal\Documents\Study\Scheduler\Scheduler - Pareshkumar Sharma\Scheduler - Pareshkumar Sharma\bin\Release\Check\dev_nco_rfc36904.log

 deleted C:\Users\paresh.sh\OneDrive - Caliber\OneDrive - caliberuniversal\Documents\Study\Scheduler\Scheduler - Pareshkumar Sharma\Scheduler - Pareshkumar Sharma\bin\Release\Check\dev_nco_rfc37680.log

 deleted C:\Users\paresh.sh\OneDrive - Caliber\OneDrive - caliberuniversal\Documents\Study\Scheduler\Scheduler - Pareshkumar Sharma\Scheduler - Pareshkumar Sharma\bin\Release\Check\dev_nco_rfc38036.log

 deleted C:\Users\paresh.sh\OneDrive - Caliber\OneDrive - caliberuniversal\Documents\Study\Scheduler\Scheduler - Pareshkumar Sharma\Scheduler - Pareshkumar Sharma\bin\Release\Check\dev_nco_rfc38808.log

 deleted C:\Users\paresh.sh\OneDrive - Caliber\OneDrive - caliberuniversal\Documents\Study\Scheduler\Scheduler - Pareshkumar Sharma\Scheduler - Pareshkumar Sharma\bin\Release\Check\dev_nco_rfc39108.log

 deleted C:\Users\paresh.sh\OneDrive - Caliber\OneDrive - caliberuniversal\Documents\Study\Scheduler\Scheduler - Pareshkumar Sharma\Scheduler - Pareshkumar Sharma\bin\Release\Check\dev_nco_rfc39156.log

 deleted C:\Users\paresh.sh\OneDrive - Caliber\OneDrive - caliberuniversal\Documents\Study\Scheduler\Scheduler - Pareshkumar Sharma\Scheduler - Pareshkumar Sharma\bin\Release\Check\dev_nco_rfc42860.log

 deleted C:\Users\paresh.sh\OneDrive - Caliber\OneDrive - caliberuniversal\Documents\Study\Scheduler\Scheduler - Pareshkumar Sharma\Scheduler - Pareshkumar Sharma\bin\Release\Check\dev_nco_rfc44220.log

 deleted C:\Users\paresh.sh\OneDrive - Caliber\OneDrive - caliberuniversal\Documents\Study\Scheduler\Scheduler - Pareshkumar Sharma\Scheduler - Pareshkumar Sharma\bin\Release\Check\dev_nco_rfc45712.log

 total deleted files 22

Sat Schedule started Wednesday, September 13, 2023 2:54:43 PM

Sat Schedule waiting till Wednesday, September 13, 2023 2:59:44 PM

Sat Schedule end triggered...
 next schedule cancelled at : Wednesday, September 13, 2023 2:59:44 PM

 Scheduler Removing from autostart...

 Scheduler Removed from autostart...

 Tring to add Scheduler into autostart...

 Scheduler Added to autostart...

Checking for tmp files from total : 4

 No tmp files deleted 

Sat Schedule started Wednesday, September 13, 2023 2:55:31 PM

Sat Schedule waiting till Wednesday, September 13, 2023 3:00:31 PM

Checking for tmp files from total : 26

 deleted C:\Users\paresh.sh\OneDrive - Caliber\OneDrive - caliberuniversal\Documents\Study\Scheduler\Scheduler - Pareshkumar Sharma\Scheduler - Pareshkumar Sharma\bin\Release\Check\dev_nco_rfc.log

 deleted C:\Users\paresh.sh\OneDrive - Caliber\OneDrive - caliberuniversal\Documents\Study\Scheduler\Scheduler - Pareshkumar Sharma\Scheduler - Pareshkumar Sharma\bin\Release\Check\dev_nco_rfc10580.log

 deleted C:\Users\paresh.sh\OneDrive - Caliber\OneDrive - caliberuniversal\Documents\Study\Scheduler\Scheduler - Pareshkumar Sharma\Scheduler - Pareshkumar Sharma\bin\Release\Check\dev_nco_rfc11716.log

 deleted C:\Users\paresh.sh\OneDrive - Caliber\OneDrive - caliberuniversal\Documents\Study\Scheduler\Scheduler - Pareshkumar Sharma\Scheduler - Pareshkumar Sharma\bin\Release\Check\dev_nco_rfc12260.log

 deleted C:\Users\paresh.sh\OneDrive - Caliber\OneDrive - caliberuniversal\Documents\Study\Scheduler\Scheduler - Pareshkumar Sharma\Scheduler - Pareshkumar Sharma\bin\Release\Check\dev_nco_rfc14392.log

 deleted C:\Users\paresh.sh\OneDrive - Caliber\OneDrive - caliberuniversal\Documents\Study\Scheduler\Scheduler - Pareshkumar Sharma\Scheduler - Pareshkumar Sharma\bin\Release\Check\dev_nco_rfc24704.log

 deleted C:\Users\paresh.sh\OneDrive - Caliber\OneDrive - caliberuniversal\Documents\Study\Scheduler\Scheduler - Pareshkumar Sharma\Scheduler - Pareshkumar Sharma\bin\Release\Check\dev_nco_rfc2672.log

 deleted C:\Users\paresh.sh\OneDrive - Caliber\OneDrive - caliberuniversal\Documents\Study\Scheduler\Scheduler - Pareshkumar Sharma\Scheduler - Pareshkumar Sharma\bin\Release\Check\dev_nco_rfc28200.log

 deleted C:\Users\paresh.sh\OneDrive - Caliber\OneDrive - caliberuniversal\Documents\Study\Scheduler\Scheduler - Pareshkumar Sharma\Scheduler - Pareshkumar Sharma\bin\Release\Check\dev_nco_rfc33476.log

 deleted C:\Users\paresh.sh\OneDrive - Caliber\OneDrive - caliberuniversal\Documents\Study\Scheduler\Scheduler - Pareshkumar Sharma\Scheduler - Pareshkumar Sharma\bin\Release\Check\dev_nco_rfc34956.log

 deleted C:\Users\paresh.sh\OneDrive - Caliber\OneDrive - caliberuniversal\Documents\Study\Scheduler\Scheduler - Pareshkumar Sharma\Scheduler - Pareshkumar Sharma\bin\Release\Check\dev_nco_rfc35112.log

 deleted C:\Users\paresh.sh\OneDrive - Caliber\OneDrive - caliberuniversal\Documents\Study\Scheduler\Scheduler - Pareshkumar Sharma\Scheduler - Pareshkumar Sharma\bin\Release\Check\dev_nco_rfc35584.log

 deleted C:\Users\paresh.sh\OneDrive - Caliber\OneDrive - caliberuniversal\Documents\Study\Scheduler\Scheduler - Pareshkumar Sharma\Scheduler - Pareshkumar Sharma\bin\Release\Check\dev_nco_rfc36188.log

 deleted C:\Users\paresh.sh\OneDrive - Caliber\OneDrive - caliberuniversal\Documents\Study\Scheduler\Scheduler - Pareshkumar Sharma\Scheduler - Pareshkumar Sharma\bin\Release\Check\dev_nco_rfc36904.log

 deleted C:\Users\paresh.sh\OneDrive - Caliber\OneDrive - caliberuniversal\Documents\Study\Scheduler\Scheduler - Pareshkumar Sharma\Scheduler - Pareshkumar Sharma\bin\Release\Check\dev_nco_rfc37680.log

 deleted C:\Users\paresh.sh\OneDrive - Caliber\OneDrive - caliberuniversal\Documents\Study\Scheduler\Scheduler - Pareshkumar Sharma\Scheduler - Pareshkumar Sharma\bin\Release\Check\dev_nco_rfc38036.log

 deleted C:\Users\paresh.sh\OneDrive - Caliber\OneDrive - caliberuniversal\Documents\Study\Scheduler\Scheduler - Pareshkumar Sharma\Scheduler - Pareshkumar Sharma\bin\Release\Check\dev_nco_rfc38808.log

 deleted C:\Users\paresh.sh\OneDrive - Caliber\OneDrive - caliberuniversal\Documents\Study\Scheduler\Scheduler - Pareshkumar Sharma\Scheduler - Pareshkumar Sharma\bin\Release\Check\dev_nco_rfc39108.log

 deleted C:\Users\paresh.sh\OneDrive - Caliber\OneDrive - caliberuniversal\Documents\Study\Scheduler\Scheduler - Pareshkumar Sharma\Scheduler - Pareshkumar Sharma\bin\Release\Check\dev_nco_rfc39156.log

 deleted C:\Users\paresh.sh\OneDrive - Caliber\OneDrive - caliberuniversal\Documents\Study\Scheduler\Scheduler - Pareshkumar Sharma\Scheduler - Pareshkumar Sharma\bin\Release\Check\dev_nco_rfc42860.log

 deleted C:\Users\paresh.sh\OneDrive - Caliber\OneDrive - caliberuniversal\Documents\Study\Scheduler\Scheduler - Pareshkumar Sharma\Scheduler - Pareshkumar Sharma\bin\Release\Check\dev_nco_rfc44220.log

 deleted C:\Users\paresh.sh\OneDrive - Caliber\OneDrive - caliberuniversal\Documents\Study\Scheduler\Scheduler - Pareshkumar Sharma\Scheduler - Pareshkumar Sharma\bin\Release\Check\dev_nco_rfc45712.log

 total deleted files 22

VAL Schedule started Wednesday, September 13, 2023 2:56:40 PM

VAL Schedule waiting till Wednesday, September 13, 2023 3:03:41 PM

Sat Schedule end triggered...
 next schedule cancelled at : Wednesday, September 13, 2023 3:00:31 PM

Checking for tmp files from total : 26

 deleted C:\Users\paresh.sh\OneDrive - Caliber\OneDrive - caliberuniversal\Documents\Study\Scheduler\Scheduler - Pareshkumar Sharma\Scheduler - Pareshkumar Sharma\bin\Release\Check\dev_nco_rfc.log

 deleted C:\Users\paresh.sh\OneDrive - Caliber\OneDrive - caliberuniversal\Documents\Study\Scheduler\Scheduler - Pareshkumar Sharma\Scheduler - Pareshkumar Sharma\bin\Release\Check\dev_nco_rfc10580.log

 deleted C:\Users\paresh.sh\OneDrive - Caliber\OneDrive - caliberuniversal\Documents\Study\Scheduler\Scheduler - Pareshkumar Sharma\Scheduler - Pareshkumar Sharma\bin\Release\Check\dev_nco_rfc11716.log

 deleted C:\Users\paresh.sh\OneDrive - Caliber\OneDrive - caliberuniversal\Documents\Study\Scheduler\Scheduler - Pareshkumar Sharma\Scheduler - Pareshkumar Sharma\bin\Release\Check\dev_nco_rfc12260.log

 deleted C:\Users\paresh.sh\OneDrive - Caliber\OneDrive - caliberuniversal\Documents\Study\Scheduler\Scheduler - Pareshkumar Sharma\Scheduler - Pareshkumar Sharma\bin\Release\Check\dev_nco_rfc14392.log

 deleted C:\Users\paresh.sh\OneDrive - Caliber\OneDrive - caliberuniversal\Documents\Study\Scheduler\Scheduler - Pareshkumar Sharma\Scheduler - Pareshkumar Sharma\bin\Release\Check\dev_nco_rfc24704.log

 deleted C:\Users\paresh.sh\OneDrive - Caliber\OneDrive - caliberuniversal\Documents\Study\Scheduler\Scheduler - Pareshkumar Sharma\Scheduler - Pareshkumar Sharma\bin\Release\Check\dev_nco_rfc2672.log

 deleted C:\Users\paresh.sh\OneDrive - Caliber\OneDrive - caliberuniversal\Documents\Study\Scheduler\Scheduler - Pareshkumar Sharma\Scheduler - Pareshkumar Sharma\bin\Release\Check\dev_nco_rfc28200.log

 deleted C:\Users\paresh.sh\OneDrive - Caliber\OneDrive - caliberuniversal\Documents\Study\Scheduler\Scheduler - Pareshkumar Sharma\Scheduler - Pareshkumar Sharma\bin\Release\Check\dev_nco_rfc33476.log

 deleted C:\Users\paresh.sh\OneDrive - Caliber\OneDrive - caliberuniversal\Documents\Study\Scheduler\Scheduler - Pareshkumar Sharma\Scheduler - Pareshkumar Sharma\bin\Release\Check\dev_nco_rfc34956.log

 deleted C:\Users\paresh.sh\OneDrive - Caliber\OneDrive - caliberuniversal\Documents\Study\Scheduler\Scheduler - Pareshkumar Sharma\Scheduler - Pareshkumar Sharma\bin\Release\Check\dev_nco_rfc35112.log

 deleted C:\Users\paresh.sh\OneDrive - Caliber\OneDrive - caliberuniversal\Documents\Study\Scheduler\Scheduler - Pareshkumar Sharma\Scheduler - Pareshkumar Sharma\bin\Release\Check\dev_nco_rfc35584.log

 deleted C:\Users\paresh.sh\OneDrive - Caliber\OneDrive - caliberuniversal\Documents\Study\Scheduler\Scheduler - Pareshkumar Sharma\Scheduler - Pareshkumar Sharma\bin\Release\Check\dev_nco_rfc36188.log

 deleted C:\Users\paresh.sh\OneDrive - Caliber\OneDrive - caliberuniversal\Documents\Study\Scheduler\Scheduler - Pareshkumar Sharma\Scheduler - Pareshkumar Sharma\bin\Release\Check\dev_nco_rfc36904.log

 deleted C:\Users\paresh.sh\OneDrive - Caliber\OneDrive - caliberuniversal\Documents\Study\Scheduler\Scheduler - Pareshkumar Sharma\Scheduler - Pareshkumar Sharma\bin\Release\Check\dev_nco_rfc37680.log

 deleted C:\Users\paresh.sh\OneDrive - Caliber\OneDrive - caliberuniversal\Documents\Study\Scheduler\Scheduler - Pareshkumar Sharma\Scheduler - Pareshkumar Sharma\bin\Release\Check\dev_nco_rfc38036.log

 deleted C:\Users\paresh.sh\OneDrive - Caliber\OneDrive - caliberuniversal\Documents\Study\Scheduler\Scheduler - Pareshkumar Sharma\Scheduler - Pareshkumar Sharma\bin\Release\Check\dev_nco_rfc38808.log

 deleted C:\Users\paresh.sh\OneDrive - Caliber\OneDrive - caliberuniversal\Documents\Study\Scheduler\Scheduler - Pareshkumar Sharma\Scheduler - Pareshkumar Sharma\bin\Release\Check\dev_nco_rfc39108.log

 deleted C:\Users\paresh.sh\OneDrive - Caliber\OneDrive - caliberuniversal\Documents\Study\Scheduler\Scheduler - Pareshkumar Sharma\Scheduler - Pareshkumar Sharma\bin\Release\Check\dev_nco_rfc39156.log

 deleted C:\Users\paresh.sh\OneDrive - Caliber\OneDrive - caliberuniversal\Documents\Study\Scheduler\Scheduler - Pareshkumar Sharma\Scheduler - Pareshkumar Sharma\bin\Release\Check\dev_nco_rfc42860.log

 deleted C:\Users\paresh.sh\OneDrive - Caliber\OneDrive - caliberuniversal\Documents\Study\Scheduler\Scheduler - Pareshkumar Sharma\Scheduler - Pareshkumar Sharma\bin\Release\Check\dev_nco_rfc44220.log

 deleted C:\Users\paresh.sh\OneDrive - Caliber\OneDrive - caliberuniversal\Documents\Study\Scheduler\Scheduler - Pareshkumar Sharma\Scheduler - Pareshkumar Sharma\bin\Release\Check\dev_nco_rfc45712.log

 total deleted files 22

Prod Schedule started Wednesday, September 13, 2023 2:57:39 PM

Prod Schedule waiting till Wednesday, September 13, 2023 3:07:39 PM

Prod Schedule end triggered...
 next schedule cancelled at : Wednesday, September 13, 2023 3:07:39 PM

Val Schedule end triggered...
 next schedule cancelled at : Wednesday, September 13, 2023 3:03:41 PM

 Scheduler Removing from autostart...

 Scheduler Removed from autostart...

Checking for tmp files from total : 4

 No tmp files deleted 

Sat Schedule started Wednesday, September 13, 2023 2:57:53 PM

Sat Schedule waiting till Wednesday, September 13, 2023 2:58:53 PM

 Last Sat Program exited with result -532462766
Wednesday, September 13, 2023 2:58:53 PM

Checking for tmp files from total : 26

 deleted C:\Users\paresh.sh\OneDrive - Caliber\OneDrive - caliberuniversal\Documents\Study\Scheduler\Scheduler - Pareshkumar Sharma\Scheduler - Pareshkumar Sharma\bin\Release\Check\dev_nco_rfc.log

 deleted C:\Users\paresh.sh\OneDrive - Caliber\OneDrive - caliberuniversal\Documents\Study\Scheduler\Scheduler - Pareshkumar Sharma\Scheduler - Pareshkumar Sharma\bin\Release\Check\dev_nco_rfc10580.log

 deleted C:\Users\paresh.sh\OneDrive - Caliber\OneDrive - caliberuniversal\Documents\Study\Scheduler\Scheduler - Pareshkumar Sharma\Scheduler - Pareshkumar Sharma\bin\Release\Check\dev_nco_rfc11716.log

 deleted C:\Users\paresh.sh\OneDrive - Caliber\OneDrive - caliberuniversal\Documents\Study\Scheduler\Scheduler - Pareshkumar Sharma\Scheduler - Pareshkumar Sharma\bin\Release\Check\dev_nco_rfc12260.log

 deleted C:\Users\paresh.sh\OneDrive - Caliber\OneDrive - caliberuniversal\Documents\Study\Scheduler\Scheduler - Pareshkumar Sharma\Scheduler - Pareshkumar Sharma\bin\Release\Check\dev_nco_rfc14392.log

 deleted C:\Users\paresh.sh\OneDrive - Caliber\OneDrive - caliberuniversal\Documents\Study\Scheduler\Scheduler - Pareshkumar Sharma\Scheduler - Pareshkumar Sharma\bin\Release\Check\dev_nco_rfc24704.log

 deleted C:\Users\paresh.sh\OneDrive - Caliber\OneDrive - caliberuniversal\Documents\Study\Scheduler\Scheduler - Pareshkumar Sharma\Scheduler - Pareshkumar Sharma\bin\Release\Check\dev_nco_rfc2672.log

 deleted C:\Users\paresh.sh\OneDrive - Caliber\OneDrive - caliberuniversal\Documents\Study\Scheduler\Scheduler - Pareshkumar Sharma\Scheduler - Pareshkumar Sharma\bin\Release\Check\dev_nco_rfc28200.log

 deleted C:\Users\paresh.sh\OneDrive - Caliber\OneDrive - caliberuniversal\Documents\Study\Scheduler\Scheduler - Pareshkumar Sharma\Scheduler - Pareshkumar Sharma\bin\Release\Check\dev_nco_rfc33476.log

 deleted C:\Users\paresh.sh\OneDrive - Caliber\OneDrive - caliberuniversal\Documents\Study\Scheduler\Scheduler - Pareshkumar Sharma\Scheduler - Pareshkumar Sharma\bin\Release\Check\dev_nco_rfc34956.log

 deleted C:\Users\paresh.sh\OneDrive - Caliber\OneDrive - caliberuniversal\Documents\Study\Scheduler\Scheduler - Pareshkumar Sharma\Scheduler - Pareshkumar Sharma\bin\Release\Check\dev_nco_rfc35112.log

 deleted C:\Users\paresh.sh\OneDrive - Caliber\OneDrive - caliberuniversal\Documents\Study\Scheduler\Scheduler - Pareshkumar Sharma\Scheduler - Pareshkumar Sharma\bin\Release\Check\dev_nco_rfc35584.log

 deleted C:\Users\paresh.sh\OneDrive - Caliber\OneDrive - caliberuniversal\Documents\Study\Scheduler\Scheduler - Pareshkumar Sharma\Scheduler - Pareshkumar Sharma\bin\Release\Check\dev_nco_rfc36188.log

 deleted C:\Users\paresh.sh\OneDrive - Caliber\OneDrive - caliberuniversal\Documents\Study\Scheduler\Scheduler - Pareshkumar Sharma\Scheduler - Pareshkumar Sharma\bin\Release\Check\dev_nco_rfc36904.log

 deleted C:\Users\paresh.sh\OneDrive - Caliber\OneDrive - caliberuniversal\Documents\Study\Scheduler\Scheduler - Pareshkumar Sharma\Scheduler - Pareshkumar Sharma\bin\Release\Check\dev_nco_rfc37680.log

 deleted C:\Users\paresh.sh\OneDrive - Caliber\OneDrive - caliberuniversal\Documents\Study\Scheduler\Scheduler - Pareshkumar Sharma\Scheduler - Pareshkumar Sharma\bin\Release\Check\dev_nco_rfc38036.log

 deleted C:\Users\paresh.sh\OneDrive - Caliber\OneDrive - caliberuniversal\Documents\Study\Scheduler\Scheduler - Pareshkumar Sharma\Scheduler - Pareshkumar Sharma\bin\Release\Check\dev_nco_rfc38808.log

 deleted C:\Users\paresh.sh\OneDrive - Caliber\OneDrive - caliberuniversal\Documents\Study\Scheduler\Scheduler - Pareshkumar Sharma\Scheduler - Pareshkumar Sharma\bin\Release\Check\dev_nco_rfc39108.log

 deleted C:\Users\paresh.sh\OneDrive - Caliber\OneDrive - caliberuniversal\Documents\Study\Scheduler\Scheduler - Pareshkumar Sharma\Scheduler - Pareshkumar Sharma\bin\Release\Check\dev_nco_rfc39156.log

 deleted C:\Users\paresh.sh\OneDrive - Caliber\OneDrive - caliberuniversal\Documents\Study\Scheduler\Scheduler - Pareshkumar Sharma\Scheduler - Pareshkumar Sharma\bin\Release\Check\dev_nco_rfc42860.log

 deleted C:\Users\paresh.sh\OneDrive - Caliber\OneDrive - caliberuniversal\Documents\Study\Scheduler\Scheduler - Pareshkumar Sharma\Scheduler - Pareshkumar Sharma\bin\Release\Check\dev_nco_rfc44220.log

 deleted C:\Users\paresh.sh\OneDrive - Caliber\OneDrive - caliberuniversal\Documents\Study\Scheduler\Scheduler - Pareshkumar Sharma\Scheduler - Pareshkumar Sharma\bin\Release\Check\dev_nco_rfc45712.log

 total deleted files 22

Sat Schedule started Wednesday, September 13, 2023 2:58:54 PM

Sat Schedule waiting till Wednesday, September 13, 2023 2:59:54 PM

 Last Sat Program exited with result -532462766
Wednesday, September 13, 2023 2:59:54 PM

Checking for tmp files from total : 4

 No tmp files deleted 

Sat Schedule started Wednesday, September 13, 2023 2:59:54 PM

Sat Schedule waiting till Wednesday, September 13, 2023 3:00:54 PM

 Last Sat Program exited with result -532462766
Wednesday, September 13, 2023 3:00:54 PM

Checking for tmp files from total : 26

 deleted C:\Users\paresh.sh\OneDrive - Caliber\OneDrive - caliberuniversal\Documents\Study\Scheduler\Scheduler - Pareshkumar Sharma\Scheduler - Pareshkumar Sharma\bin\Release\Check\dev_nco_rfc11716.log

 deleted C:\Users\paresh.sh\OneDrive - Caliber\OneDrive - caliberuniversal\Documents\Study\Scheduler\Scheduler - Pareshkumar Sharma\Scheduler - Pareshkumar Sharma\bin\Release\Check\dev_nco_rfc12260.log

 deleted C:\Users\paresh.sh\OneDrive - Caliber\OneDrive - caliberuniversal\Documents\Study\Scheduler\Scheduler - Pareshkumar Sharma\Scheduler - Pareshkumar Sharma\bin\Release\Check\dev_nco_rfc14392.log

 deleted C:\Users\paresh.sh\OneDrive - Caliber\OneDrive - caliberuniversal\Documents\Study\Scheduler\Scheduler - Pareshkumar Sharma\Scheduler - Pareshkumar Sharma\bin\Release\Check\dev_nco_rfc24704.log

 deleted C:\Users\paresh.sh\OneDrive - Caliber\OneDrive - caliberuniversal\Documents\Study\Scheduler\Scheduler - Pareshkumar Sharma\Scheduler - Pareshkumar Sharma\bin\Release\Check\dev_nco_rfc28200.log

 deleted C:\Users\paresh.sh\OneDrive - Caliber\OneDrive - caliberuniversal\Documents\Study\Scheduler\Scheduler - Pareshkumar Sharma\Scheduler - Pareshkumar Sharma\bin\Release\Check\dev_nco_rfc33476.log

 deleted C:\Users\paresh.sh\OneDrive - Caliber\OneDrive - caliberuniversal\Documents\Study\Scheduler\Scheduler - Pareshkumar Sharma\Scheduler - Pareshkumar Sharma\bin\Release\Check\dev_nco_rfc34956.log

 deleted C:\Users\paresh.sh\OneDrive - Caliber\OneDrive - caliberuniversal\Documents\Study\Scheduler\Scheduler - Pareshkumar Sharma\Scheduler - Pareshkumar Sharma\bin\Release\Check\dev_nco_rfc35112.log

 deleted C:\Users\paresh.sh\OneDrive - Caliber\OneDrive - caliberuniversal\Documents\Study\Scheduler\Scheduler - Pareshkumar Sharma\Scheduler - Pareshkumar Sharma\bin\Release\Check\dev_nco_rfc35584.log

 deleted C:\Users\paresh.sh\OneDrive - Caliber\OneDrive - caliberuniversal\Documents\Study\Scheduler\Scheduler - Pareshkumar Sharma\Scheduler - Pareshkumar Sharma\bin\Release\Check\dev_nco_rfc36188.log

 deleted C:\Users\paresh.sh\OneDrive - Caliber\OneDrive - caliberuniversal\Documents\Study\Scheduler\Scheduler - Pareshkumar Sharma\Scheduler - Pareshkumar Sharma\bin\Release\Check\dev_nco_rfc36904.log

 deleted C:\Users\paresh.sh\OneDrive - Caliber\OneDrive - caliberuniversal\Documents\Study\Scheduler\Scheduler - Pareshkumar Sharma\Scheduler - Pareshkumar Sharma\bin\Release\Check\dev_nco_rfc37680.log

 deleted C:\Users\paresh.sh\OneDrive - Caliber\OneDrive - caliberuniversal\Documents\Study\Scheduler\Scheduler - Pareshkumar Sharma\Scheduler - Pareshkumar Sharma\bin\Release\Check\dev_nco_rfc38036.log

 deleted C:\Users\paresh.sh\OneDrive - Caliber\OneDrive - caliberuniversal\Documents\Study\Scheduler\Scheduler - Pareshkumar Sharma\Scheduler - Pareshkumar Sharma\bin\Release\Check\dev_nco_rfc38808.log

 deleted C:\Users\paresh.sh\OneDrive - Caliber\OneDrive - caliberuniversal\Documents\Study\Scheduler\Scheduler - Pareshkumar Sharma\Scheduler - Pareshkumar Sharma\bin\Release\Check\dev_nco_rfc39108.log

 deleted C:\Users\paresh.sh\OneDrive - Caliber\OneDrive - caliberuniversal\Documents\Study\Scheduler\Scheduler - Pareshkumar Sharma\Scheduler - Pareshkumar Sharma\bin\Release\Check\dev_nco_rfc39156.log

 deleted C:\Users\paresh.sh\OneDrive - Caliber\OneDrive - caliberuniversal\Documents\Study\Scheduler\Scheduler - Pareshkumar Sharma\Scheduler - Pareshkumar Sharma\bin\Release\Check\dev_nco_rfc42860.log

 deleted C:\Users\paresh.sh\OneDrive - Caliber\OneDrive - caliberuniversal\Documents\Study\Scheduler\Scheduler - Pareshkumar Sharma\Scheduler - Pareshkumar Sharma\bin\Release\Check\dev_nco_rfc44220.log

 deleted C:\Users\paresh.sh\OneDrive - Caliber\OneDrive - caliberuniversal\Documents\Study\Scheduler\Scheduler - Pareshkumar Sharma\Scheduler - Pareshkumar Sharma\bin\Release\Check\nco_rfc_46408_1.trc

 deleted C:\Users\paresh.sh\OneDrive - Caliber\OneDrive - caliberuniversal\Documents\Study\Scheduler\Scheduler - Pareshkumar Sharma\Scheduler - Pareshkumar Sharma\bin\Release\Check\nco_rfc_46452_1.trc

 total deleted files 20

Sat Schedule started Wednesday, September 13, 2023 3:00:54 PM

Sat Schedule waiting till Wednesday, September 13, 2023 3:01:54 PM

 Last Sat Program exited with result -532462766
Wednesday, September 13, 2023 3:01:54 PM

Checking for tmp files from total : 6

 No tmp files deleted 

Sat Schedule started Wednesday, September 13, 2023 3:01:54 PM

Sat Schedule waiting till Wednesday, September 13, 2023 3:02:54 PM

Sat Schedule end triggered...
 next schedule cancelled at : Wednesday, September 13, 2023 3:02:54 PM

Automatic start scheduler VAL initiated...Thursday, April 18, 2024 11:20:44 AM

Automatic start scheduler PROD initiated...Thursday, April 18, 2024 11:20:44 AM

Checking for tmp files from total : 6

Checking for tmp files from total : 6

 deleted C:\Users\paresh.sh\OneDrive - Caliber\OneDrive - caliberuniversal\Documents\Study\Scheduler\Scheduler - Pareshkumar Sharma\Scheduler - Pareshkumar Sharma\bin\Release\Check\nco_rfc_46532_1.trc

 deleted C:\Users\paresh.sh\OneDrive - Caliber\OneDrive - caliberuniversal\Documents\Study\Scheduler\Scheduler - Pareshkumar Sharma\Scheduler - Pareshkumar Sharma\bin\Release\Check\nco_rfc_56816_1.trc

 deleted C:\Users\paresh.sh\OneDrive - Caliber\OneDrive - caliberuniversal\Documents\Study\Scheduler\Scheduler - Pareshkumar Sharma\Scheduler - Pareshkumar Sharma\bin\Release\Check\nco_rfc_56816_1.trc

 total deleted files 2

 total deleted files 1

VAL Schedule started Thursday, April 18, 2024 11:20:44 AM

Prod Schedule started Thursday, April 18, 2024 11:20:44 AM

VAL Schedule waiting till Thursday, April 18, 2024 11:27:45 AM

Prod Schedule waiting till Thursday, April 18, 2024 11:30:45 AM

 Scheduler Removing from autostart...

 Scheduler Removed from autostart...

 Tring to add Scheduler into autostart...

 Scheduler Added to autostart...

 Scheduler Removing from autostart...

 Scheduler Removed from autostart...

Val Schedule end triggered...
 next schedule cancelled at : Thursday, April 18, 2024 11:27:45 AM

Prod Schedule end triggered...
 next schedule cancelled at : Thursday, April 18, 2024 11:30:45 AM
