
 Tring to add Scheduler into autostart...

 Scheduler Added to autostart...

 Scheduler Removing from autostart...

 Scheduler Removed from autostart...

 Tring to add Scheduler into autostart...

 Scheduler Added to autostart...

 Scheduler Removing from autostart...

 Scheduler Removed from autostart...

 Tring to add Scheduler into autostart...

 Scheduler Added to autostart...

 Scheduler Removing from autostart...

 Scheduler Removed from autostart...

 Tring to add Scheduler into autostart...

 Scheduler Added to autostart...

Automatic start scheduler initiated...Thursday, July 13, 2023 12:08:53 PM

Schedule started Thursday, July 13, 2023 12:08:53 PM

Schedule stopped till Thursday, July 13, 2023 12:13:53 PM

 Scheduler Removing from autostart...

 Scheduler Removed from autostart...

Schedule stopped triggered...
 next schedule cancelled at : Thursday, July 13, 2023 12:13:53 PM

 Tring to add Scheduler into autostart...

 Scheduler Added to autostart...

 Scheduler Removing from autostart...

 Scheduler Removed from autostart...

Schedule started Thursday, July 13, 2023 12:09:52 PM

Schedule stopped till Thursday, July 13, 2023 12:14:52 PM

Schedule stopped triggered...
 next schedule cancelled at : Thursday, July 13, 2023 12:14:52 PM

Schedule started Thursday, July 13, 2023 12:35:46 PM

Schedule waiting till Thursday, July 13, 2023 12:40:46 PM

Schedule end triggered...
 next schedule cancelled at : Thursday, July 13, 2023 12:40:46 PM

Schedule started Thursday, July 13, 2023 12:36:00 PM

Schedule waiting till Thursday, July 13, 2023 12:37:00 PM

 Program still running 
Thursday, July 13, 2023 12:36:00 PM

Schedule started Thursday, July 13, 2023 12:36:34 PM

Schedule waiting till Thursday, July 13, 2023 12:41:34 PM

Schedule end triggered...
 next schedule cancelled at : Thursday, July 13, 2023 12:41:34 PM

Schedule started Thursday, July 13, 2023 12:37:11 PM

Schedule waiting till Thursday, July 13, 2023 12:38:11 PM

 Program still running 
Thursday, July 13, 2023 12:37:11 PM

 Preparing next schedule... 
Thursday, July 13, 2023 12:37:11 PM

Schedule started Thursday, July 13, 2023 12:37:11 PM

Schedule waiting till Thursday, July 13, 2023 12:38:11 PM

 Program still running 
Thursday, July 13, 2023 12:37:11 PM

 Preparing next schedule... 
Thursday, July 13, 2023 12:37:11 PM

Schedule started Thursday, July 13, 2023 12:37:11 PM

Schedule waiting till Thursday, July 13, 2023 12:38:11 PM

 Program still running 
Thursday, July 13, 2023 12:37:11 PM

 Preparing next schedule... 
Thursday, July 13, 2023 12:37:11 PM

Schedule started Thursday, July 13, 2023 12:37:11 PM

Schedule waiting till Thursday, July 13, 2023 12:38:11 PM

 Program still running 
Thursday, July 13, 2023 12:37:11 PM

 Preparing next schedule... 
Thursday, July 13, 2023 12:37:11 PM

Schedule started Thursday, July 13, 2023 12:37:11 PM

Schedule waiting till Thursday, July 13, 2023 12:38:11 PM

 Program still running 
Thursday, July 13, 2023 12:37:11 PM

 Preparing next schedule... 
Thursday, July 13, 2023 12:37:11 PM

Schedule started Thursday, July 13, 2023 12:37:11 PM

Schedule waiting till Thursday, July 13, 2023 12:38:11 PM

 Program still running 
Thursday, July 13, 2023 12:37:12 PM

 Preparing next schedule... 
Thursday, July 13, 2023 12:37:12 PM

Schedule started Thursday, July 13, 2023 12:37:12 PM

Schedule waiting till Thursday, July 13, 2023 12:38:12 PM

 Program still running 
Thursday, July 13, 2023 12:37:12 PM

 Preparing next schedule... 
Thursday, July 13, 2023 12:37:12 PM

Schedule started Thursday, July 13, 2023 12:37:12 PM

Schedule waiting till Thursday, July 13, 2023 12:38:12 PM

 Program still running 
Thursday, July 13, 2023 12:37:12 PM

 Preparing next schedule... 
Thursday, July 13, 2023 12:37:12 PM

Schedule started Thursday, July 13, 2023 12:37:12 PM

Schedule waiting till Thursday, July 13, 2023 12:38:12 PM

 Program still running 
Thursday, July 13, 2023 12:37:12 PM

 Preparing next schedule... 
Thursday, July 13, 2023 12:37:12 PM

Schedule started Thursday, July 13, 2023 12:37:12 PM

Schedule waiting till Thursday, July 13, 2023 12:38:12 PM

 Program still running 
Thursday, July 13, 2023 12:37:12 PM

 Preparing next schedule... 
Thursday, July 13, 2023 12:37:12 PM

Schedule started Thursday, July 13, 2023 12:37:12 PM

Schedule waiting till Thursday, July 13, 2023 12:38:12 PM

 Program still running 
Thursday, July 13, 2023 12:37:12 PM

 Preparing next schedule... 
Thursday, July 13, 2023 12:37:12 PM

Schedule started Thursday, July 13, 2023 12:37:12 PM

Schedule waiting till Thursday, July 13, 2023 12:38:12 PM

 Program still running 
Thursday, July 13, 2023 12:37:12 PM

 Preparing next schedule... 
Thursday, July 13, 2023 12:37:12 PM

Schedule started Thursday, July 13, 2023 12:37:12 PM

Schedule waiting till Thursday, July 13, 2023 12:38:13 PM

 Program still running 
Thursday, July 13, 2023 12:37:13 PM

 Preparing next schedule... 
Thursday, July 13, 2023 12:37:13 PM

Schedule started Thursday, July 13, 2023 12:37:13 PM

Schedule waiting till Thursday, July 13, 2023 12:38:13 PM

 Program still running 
Thursday, July 13, 2023 12:37:13 PM

 Preparing next schedule... 
Thursday, July 13, 2023 12:37:13 PM

Schedule started Thursday, July 13, 2023 12:37:13 PM

Schedule waiting till Thursday, July 13, 2023 12:38:13 PM

 Program still running 
Thursday, July 13, 2023 12:37:13 PM

 Preparing next schedule... 
Thursday, July 13, 2023 12:37:13 PM

Schedule started Thursday, July 13, 2023 12:37:13 PM

Schedule waiting till Thursday, July 13, 2023 12:38:13 PM

 Program still running 
Thursday, July 13, 2023 12:37:13 PM

 Preparing next schedule... 
Thursday, July 13, 2023 12:37:13 PM

Schedule started Thursday, July 13, 2023 12:37:13 PM

Schedule waiting till Thursday, July 13, 2023 12:38:13 PM

 Program still running 
Thursday, July 13, 2023 12:37:13 PM

 Preparing next schedule... 
Thursday, July 13, 2023 12:37:13 PM

Schedule started Thursday, July 13, 2023 12:37:13 PM

Schedule waiting till Thursday, July 13, 2023 12:38:13 PM

 Program still running 
Thursday, July 13, 2023 12:37:13 PM

 Preparing next schedule... 
Thursday, July 13, 2023 12:37:13 PM

Schedule started Thursday, July 13, 2023 12:37:13 PM

Schedule waiting till Thursday, July 13, 2023 12:38:13 PM

 Program still running 
Thursday, July 13, 2023 12:37:13 PM

 Preparing next schedule... 
Thursday, July 13, 2023 12:37:13 PM

Schedule started Thursday, July 13, 2023 12:37:13 PM

Schedule waiting till Thursday, July 13, 2023 12:38:14 PM

 Program still running 
Thursday, July 13, 2023 12:37:14 PM

 Preparing next schedule... 
Thursday, July 13, 2023 12:37:14 PM

Schedule started Thursday, July 13, 2023 12:37:14 PM

Schedule waiting till Thursday, July 13, 2023 12:38:14 PM

 Program still running 
Thursday, July 13, 2023 12:37:14 PM

 Preparing next schedule... 
Thursday, July 13, 2023 12:37:14 PM

Schedule started Thursday, July 13, 2023 12:37:14 PM

Schedule waiting till Thursday, July 13, 2023 12:38:14 PM

 Program still running 
Thursday, July 13, 2023 12:37:14 PM

 Preparing next schedule... 
Thursday, July 13, 2023 12:37:14 PM

Schedule started Thursday, July 13, 2023 12:37:14 PM

Schedule waiting till Thursday, July 13, 2023 12:38:14 PM

 Program still running 
Thursday, July 13, 2023 12:37:14 PM

 Preparing next schedule... 
Thursday, July 13, 2023 12:37:14 PM

Schedule started Thursday, July 13, 2023 12:37:14 PM

Schedule waiting till Thursday, July 13, 2023 12:38:14 PM

 Program still running 
Thursday, July 13, 2023 12:37:14 PM

 Preparing next schedule... 
Thursday, July 13, 2023 12:37:14 PM

Schedule started Thursday, July 13, 2023 12:37:14 PM

Schedule waiting till Thursday, July 13, 2023 12:38:14 PM

 Program still running 
Thursday, July 13, 2023 12:37:14 PM

 Preparing next schedule... 
Thursday, July 13, 2023 12:37:14 PM

Schedule started Thursday, July 13, 2023 12:37:14 PM

Schedule waiting till Thursday, July 13, 2023 12:38:14 PM

 Program still running 
Thursday, July 13, 2023 12:37:14 PM

 Preparing next schedule... 
Thursday, July 13, 2023 12:37:14 PM

Schedule started Thursday, July 13, 2023 12:37:15 PM

Schedule waiting till Thursday, July 13, 2023 12:38:15 PM

 Program still running 
Thursday, July 13, 2023 12:37:15 PM

 Preparing next schedule... 
Thursday, July 13, 2023 12:37:15 PM

Schedule started Thursday, July 13, 2023 12:37:15 PM

Schedule waiting till Thursday, July 13, 2023 12:38:15 PM

 Program still running 
Thursday, July 13, 2023 12:37:15 PM

 Preparing next schedule... 
Thursday, July 13, 2023 12:37:15 PM

Schedule started Thursday, July 13, 2023 12:37:15 PM

Schedule waiting till Thursday, July 13, 2023 12:38:15 PM

 Program still running 
Thursday, July 13, 2023 12:37:15 PM

 Preparing next schedule... 
Thursday, July 13, 2023 12:37:15 PM

Schedule started Thursday, July 13, 2023 12:37:15 PM

Schedule waiting till Thursday, July 13, 2023 12:38:15 PM

 Program still running 
Thursday, July 13, 2023 12:37:15 PM

 Preparing next schedule... 
Thursday, July 13, 2023 12:37:15 PM

Schedule started Thursday, July 13, 2023 12:37:15 PM

Schedule waiting till Thursday, July 13, 2023 12:38:15 PM

 Program still running 
Thursday, July 13, 2023 12:37:15 PM

 Preparing next schedule... 
Thursday, July 13, 2023 12:37:15 PM

Schedule started Thursday, July 13, 2023 12:37:15 PM

Schedule waiting till Thursday, July 13, 2023 12:38:15 PM

 Program still running 
Thursday, July 13, 2023 12:37:15 PM

 Preparing next schedule... 
Thursday, July 13, 2023 12:37:15 PM

Schedule started Thursday, July 13, 2023 12:37:15 PM

Schedule waiting till Thursday, July 13, 2023 12:38:16 PM

 Program still running 
Thursday, July 13, 2023 12:37:16 PM

 Preparing next schedule... 
Thursday, July 13, 2023 12:37:16 PM

Schedule started Thursday, July 13, 2023 12:37:16 PM

Schedule waiting till Thursday, July 13, 2023 12:38:16 PM

 Program still running 
Thursday, July 13, 2023 12:37:16 PM

 Preparing next schedule... 
Thursday, July 13, 2023 12:37:16 PM

Schedule started Thursday, July 13, 2023 12:37:16 PM

Schedule waiting till Thursday, July 13, 2023 12:38:16 PM

 Program still running 
Thursday, July 13, 2023 12:37:16 PM

 Preparing next schedule... 
Thursday, July 13, 2023 12:37:16 PM

Schedule started Thursday, July 13, 2023 12:37:16 PM

Schedule waiting till Thursday, July 13, 2023 12:38:16 PM

 Program still running 
Thursday, July 13, 2023 12:37:16 PM

 Preparing next schedule... 
Thursday, July 13, 2023 12:37:16 PM

Schedule started Thursday, July 13, 2023 12:37:16 PM

Schedule waiting till Thursday, July 13, 2023 12:38:16 PM

 Program still running 
Thursday, July 13, 2023 12:37:16 PM

 Preparing next schedule... 
Thursday, July 13, 2023 12:37:16 PM

Schedule started Thursday, July 13, 2023 12:37:16 PM

Schedule waiting till Thursday, July 13, 2023 12:38:16 PM

 Program still running 
Thursday, July 13, 2023 12:37:16 PM

 Preparing next schedule... 
Thursday, July 13, 2023 12:37:16 PM

Schedule started Thursday, July 13, 2023 12:37:16 PM

Schedule waiting till Thursday, July 13, 2023 12:38:16 PM

 Program still running 
Thursday, July 13, 2023 12:37:16 PM

 Preparing next schedule... 
Thursday, July 13, 2023 12:37:17 PM

Schedule started Thursday, July 13, 2023 12:37:17 PM

Schedule waiting till Thursday, July 13, 2023 12:38:17 PM

 Program still running 
Thursday, July 13, 2023 12:37:17 PM

 Preparing next schedule... 
Thursday, July 13, 2023 12:37:17 PM

Schedule started Thursday, July 13, 2023 12:37:17 PM

Schedule waiting till Thursday, July 13, 2023 12:38:17 PM

 Program still running 
Thursday, July 13, 2023 12:37:17 PM

 Preparing next schedule... 
Thursday, July 13, 2023 12:37:17 PM

Schedule started Thursday, July 13, 2023 12:37:17 PM

Schedule waiting till Thursday, July 13, 2023 12:38:17 PM

 Program still running 
Thursday, July 13, 2023 12:37:17 PM

 Preparing next schedule... 
Thursday, July 13, 2023 12:37:17 PM

Schedule started Thursday, July 13, 2023 12:37:17 PM

Schedule waiting till Thursday, July 13, 2023 12:38:17 PM

 Program still running 
Thursday, July 13, 2023 12:37:17 PM

 Preparing next schedule... 
Thursday, July 13, 2023 12:37:17 PM

Schedule started Thursday, July 13, 2023 12:37:17 PM

Schedule waiting till Thursday, July 13, 2023 12:38:17 PM

 Program still running 
Thursday, July 13, 2023 12:37:17 PM

 Preparing next schedule... 
Thursday, July 13, 2023 12:37:17 PM

Schedule started Thursday, July 13, 2023 12:37:17 PM

Schedule waiting till Thursday, July 13, 2023 12:38:17 PM

 Program still running 
Thursday, July 13, 2023 12:37:18 PM

 Preparing next schedule... 
Thursday, July 13, 2023 12:37:18 PM

Schedule started Thursday, July 13, 2023 12:37:18 PM

Schedule waiting till Thursday, July 13, 2023 12:38:18 PM

 Program still running 
Thursday, July 13, 2023 12:37:18 PM

 Preparing next schedule... 
Thursday, July 13, 2023 12:37:18 PM

Schedule started Thursday, July 13, 2023 12:37:18 PM

Schedule waiting till Thursday, July 13, 2023 12:38:18 PM

 Program still running 
Thursday, July 13, 2023 12:37:18 PM

 Preparing next schedule... 
Thursday, July 13, 2023 12:37:18 PM

Schedule started Thursday, July 13, 2023 12:37:18 PM

Schedule waiting till Thursday, July 13, 2023 12:38:18 PM

 Program still running 
Thursday, July 13, 2023 12:37:18 PM

 Preparing next schedule... 
Thursday, July 13, 2023 12:37:18 PM

Schedule started Thursday, July 13, 2023 12:37:18 PM

Schedule waiting till Thursday, July 13, 2023 12:38:18 PM

 Program still running 
Thursday, July 13, 2023 12:37:18 PM

 Preparing next schedule... 
Thursday, July 13, 2023 12:37:18 PM

Schedule started Thursday, July 13, 2023 12:37:18 PM

Schedule waiting till Thursday, July 13, 2023 12:38:18 PM

 Program still running 
Thursday, July 13, 2023 12:37:18 PM

 Preparing next schedule... 
Thursday, July 13, 2023 12:37:18 PM

Schedule started Thursday, July 13, 2023 12:37:18 PM

Schedule waiting till Thursday, July 13, 2023 12:38:18 PM

 Program still running 
Thursday, July 13, 2023 12:37:18 PM

 Preparing next schedule... 
Thursday, July 13, 2023 12:37:18 PM

Schedule started Thursday, July 13, 2023 12:37:18 PM

Schedule waiting till Thursday, July 13, 2023 12:38:19 PM

 Program still running 
Thursday, July 13, 2023 12:37:19 PM

 Preparing next schedule... 
Thursday, July 13, 2023 12:37:19 PM

Schedule started Thursday, July 13, 2023 12:37:19 PM

Schedule waiting till Thursday, July 13, 2023 12:38:19 PM

 Program still running 
Thursday, July 13, 2023 12:37:19 PM

 Preparing next schedule... 
Thursday, July 13, 2023 12:37:19 PM

Schedule started Thursday, July 13, 2023 12:37:19 PM

Schedule waiting till Thursday, July 13, 2023 12:38:19 PM

 Program still running 
Thursday, July 13, 2023 12:37:19 PM

 Preparing next schedule... 
Thursday, July 13, 2023 12:37:19 PM

Schedule started Thursday, July 13, 2023 12:37:19 PM

Schedule waiting till Thursday, July 13, 2023 12:38:19 PM

 Program still running 
Thursday, July 13, 2023 12:37:19 PM

 Preparing next schedule... 
Thursday, July 13, 2023 12:37:19 PM

Schedule started Thursday, July 13, 2023 12:37:19 PM

Schedule waiting till Thursday, July 13, 2023 12:38:19 PM

 Program still running 
Thursday, July 13, 2023 12:37:19 PM

 Preparing next schedule... 
Thursday, July 13, 2023 12:37:19 PM

Schedule started Thursday, July 13, 2023 12:37:19 PM

Schedule waiting till Thursday, July 13, 2023 12:38:20 PM

 Program still running 
Thursday, July 13, 2023 12:37:20 PM

 Preparing next schedule... 
Thursday, July 13, 2023 12:37:20 PM

Schedule started Thursday, July 13, 2023 12:37:20 PM

Schedule waiting till Thursday, July 13, 2023 12:38:20 PM

 Program still running 
Thursday, July 13, 2023 12:37:20 PM

 Preparing next schedule... 
Thursday, July 13, 2023 12:37:20 PM

Schedule started Thursday, July 13, 2023 12:37:20 PM

Schedule waiting till Thursday, July 13, 2023 12:38:20 PM

 Program still running 
Thursday, July 13, 2023 12:37:20 PM

 Preparing next schedule... 
Thursday, July 13, 2023 12:37:20 PM

Schedule started Thursday, July 13, 2023 12:37:20 PM

Schedule waiting till Thursday, July 13, 2023 12:38:20 PM

 Program still running 
Thursday, July 13, 2023 12:37:20 PM

 Preparing next schedule... 
Thursday, July 13, 2023 12:37:20 PM

Schedule started Thursday, July 13, 2023 12:37:20 PM

Schedule waiting till Thursday, July 13, 2023 12:38:20 PM

 Program still running 
Thursday, July 13, 2023 12:37:20 PM

 Preparing next schedule... 
Thursday, July 13, 2023 12:37:20 PM

Schedule started Thursday, July 13, 2023 12:37:20 PM

Schedule waiting till Thursday, July 13, 2023 12:38:21 PM

 Program still running 
Thursday, July 13, 2023 12:37:21 PM

 Preparing next schedule... 
Thursday, July 13, 2023 12:37:21 PM

Schedule started Thursday, July 13, 2023 12:37:21 PM

Schedule waiting till Thursday, July 13, 2023 12:38:21 PM

 Program still running 
Thursday, July 13, 2023 12:37:21 PM

 Preparing next schedule... 
Thursday, July 13, 2023 12:37:21 PM

Schedule started Thursday, July 13, 2023 12:37:21 PM

Schedule waiting till Thursday, July 13, 2023 12:38:21 PM

 Program still running 
Thursday, July 13, 2023 12:37:21 PM

 Preparing next schedule... 
Thursday, July 13, 2023 12:37:21 PM

Schedule started Thursday, July 13, 2023 12:37:21 PM

Schedule waiting till Thursday, July 13, 2023 12:38:21 PM

 Program still running 
Thursday, July 13, 2023 12:37:21 PM

 Preparing next schedule... 
Thursday, July 13, 2023 12:37:21 PM

Schedule started Thursday, July 13, 2023 12:37:21 PM

Schedule waiting till Thursday, July 13, 2023 12:38:21 PM

 Program still running 
Thursday, July 13, 2023 12:37:21 PM

 Preparing next schedule... 
Thursday, July 13, 2023 12:37:21 PM

Schedule started Thursday, July 13, 2023 12:37:21 PM

Schedule waiting till Thursday, July 13, 2023 12:38:21 PM

 Program still running 
Thursday, July 13, 2023 12:37:21 PM

 Preparing next schedule... 
Thursday, July 13, 2023 12:37:22 PM

Schedule started Thursday, July 13, 2023 12:37:22 PM

Schedule waiting till Thursday, July 13, 2023 12:38:22 PM

 Program still running 
Thursday, July 13, 2023 12:37:22 PM

 Preparing next schedule... 
Thursday, July 13, 2023 12:37:22 PM

Schedule started Thursday, July 13, 2023 12:37:22 PM

Schedule waiting till Thursday, July 13, 2023 12:38:22 PM

 Program still running 
Thursday, July 13, 2023 12:37:22 PM

 Preparing next schedule... 
Thursday, July 13, 2023 12:37:22 PM

Schedule started Thursday, July 13, 2023 12:37:22 PM

Schedule waiting till Thursday, July 13, 2023 12:38:22 PM

 Program still running 
Thursday, July 13, 2023 12:37:22 PM

 Preparing next schedule... 
Thursday, July 13, 2023 12:37:22 PM

Schedule started Thursday, July 13, 2023 12:37:22 PM

Schedule waiting till Thursday, July 13, 2023 12:38:22 PM

 Program still running 
Thursday, July 13, 2023 12:37:22 PM

 Preparing next schedule... 
Thursday, July 13, 2023 12:37:22 PM

Schedule started Thursday, July 13, 2023 12:37:22 PM

Schedule waiting till Thursday, July 13, 2023 12:38:22 PM

 Program still running 
Thursday, July 13, 2023 12:37:22 PM

 Preparing next schedule... 
Thursday, July 13, 2023 12:37:22 PM

Schedule started Thursday, July 13, 2023 12:37:22 PM

Schedule waiting till Thursday, July 13, 2023 12:38:22 PM

 Program still running 
Thursday, July 13, 2023 12:37:22 PM

 Preparing next schedule... 
Thursday, July 13, 2023 12:37:23 PM

Schedule started Thursday, July 13, 2023 12:37:23 PM

Schedule waiting till Thursday, July 13, 2023 12:38:23 PM

 Program still running 
Thursday, July 13, 2023 12:37:23 PM

 Preparing next schedule... 
Thursday, July 13, 2023 12:37:23 PM

Schedule started Thursday, July 13, 2023 12:37:23 PM

Schedule waiting till Thursday, July 13, 2023 12:38:23 PM

 Program still running 
Thursday, July 13, 2023 12:37:23 PM

 Preparing next schedule... 
Thursday, July 13, 2023 12:37:23 PM

Schedule started Thursday, July 13, 2023 12:37:23 PM

Schedule waiting till Thursday, July 13, 2023 12:38:23 PM

 Program still running 
Thursday, July 13, 2023 12:37:23 PM

 Preparing next schedule... 
Thursday, July 13, 2023 12:37:23 PM

Schedule started Thursday, July 13, 2023 12:37:23 PM

Schedule waiting till Thursday, July 13, 2023 12:38:23 PM

 Program still running 
Thursday, July 13, 2023 12:37:23 PM

 Preparing next schedule... 
Thursday, July 13, 2023 12:37:23 PM

Schedule started Thursday, July 13, 2023 12:37:23 PM

Schedule waiting till Thursday, July 13, 2023 12:38:24 PM

 Program still running 
Thursday, July 13, 2023 12:37:24 PM

 Preparing next schedule... 
Thursday, July 13, 2023 12:37:24 PM

Schedule started Thursday, July 13, 2023 12:37:24 PM

Schedule waiting till Thursday, July 13, 2023 12:38:24 PM

 Program still running 
Thursday, July 13, 2023 12:37:24 PM

 Preparing next schedule... 
Thursday, July 13, 2023 12:37:24 PM

Schedule started Thursday, July 13, 2023 12:37:24 PM

Schedule waiting till Thursday, July 13, 2023 12:38:24 PM

 Program still running 
Thursday, July 13, 2023 12:37:24 PM

 Preparing next schedule... 
Thursday, July 13, 2023 12:37:24 PM

Schedule started Thursday, July 13, 2023 12:37:24 PM

Schedule waiting till Thursday, July 13, 2023 12:38:24 PM

 Program still running 
Thursday, July 13, 2023 12:37:24 PM

 Preparing next schedule... 
Thursday, July 13, 2023 12:37:24 PM

Schedule started Thursday, July 13, 2023 12:37:24 PM

Schedule waiting till Thursday, July 13, 2023 12:38:24 PM

 Program still running 
Thursday, July 13, 2023 12:37:24 PM

 Preparing next schedule... 
Thursday, July 13, 2023 12:37:24 PM

Schedule started Thursday, July 13, 2023 12:37:24 PM

Schedule waiting till Thursday, July 13, 2023 12:38:25 PM

 Program still running 
Thursday, July 13, 2023 12:37:25 PM

 Preparing next schedule... 
Thursday, July 13, 2023 12:37:25 PM

Schedule started Thursday, July 13, 2023 12:37:25 PM

Schedule waiting till Thursday, July 13, 2023 12:38:25 PM

 Program still running 
Thursday, July 13, 2023 12:37:25 PM

 Preparing next schedule... 
Thursday, July 13, 2023 12:37:25 PM

Schedule started Thursday, July 13, 2023 12:37:25 PM

Schedule waiting till Thursday, July 13, 2023 12:38:25 PM

 Program still running 
Thursday, July 13, 2023 12:37:25 PM

 Preparing next schedule... 
Thursday, July 13, 2023 12:37:25 PM

Schedule started Thursday, July 13, 2023 12:37:25 PM

Schedule waiting till Thursday, July 13, 2023 12:38:25 PM

 Program still running 
Thursday, July 13, 2023 12:37:25 PM

 Preparing next schedule... 
Thursday, July 13, 2023 12:37:25 PM

Schedule started Thursday, July 13, 2023 12:37:25 PM

Schedule waiting till Thursday, July 13, 2023 12:38:25 PM

 Program still running 
Thursday, July 13, 2023 12:37:25 PM

 Preparing next schedule... 
Thursday, July 13, 2023 12:37:25 PM

Schedule started Thursday, July 13, 2023 12:37:25 PM

Schedule waiting till Thursday, July 13, 2023 12:38:26 PM

 Program still running 
Thursday, July 13, 2023 12:37:26 PM

 Preparing next schedule... 
Thursday, July 13, 2023 12:37:26 PM

Schedule started Thursday, July 13, 2023 12:37:26 PM

Schedule waiting till Thursday, July 13, 2023 12:38:26 PM

 Program still running 
Thursday, July 13, 2023 12:37:26 PM

 Preparing next schedule... 
Thursday, July 13, 2023 12:37:26 PM

Schedule started Thursday, July 13, 2023 12:37:26 PM

Schedule waiting till Thursday, July 13, 2023 12:38:26 PM

 Program still running 
Thursday, July 13, 2023 12:37:26 PM

 Preparing next schedule... 
Thursday, July 13, 2023 12:37:26 PM

Schedule started Thursday, July 13, 2023 12:37:26 PM

Schedule waiting till Thursday, July 13, 2023 12:38:26 PM

 Program still running 
Thursday, July 13, 2023 12:37:26 PM

 Preparing next schedule... 
Thursday, July 13, 2023 12:37:26 PM

Schedule started Thursday, July 13, 2023 12:37:26 PM

Schedule waiting till Thursday, July 13, 2023 12:38:26 PM

 Program still running 
Thursday, July 13, 2023 12:37:26 PM

 Preparing next schedule... 
Thursday, July 13, 2023 12:37:26 PM

Schedule started Thursday, July 13, 2023 12:37:26 PM

Schedule waiting till Thursday, July 13, 2023 12:38:27 PM

 Program still running 
Thursday, July 13, 2023 12:37:27 PM

 Preparing next schedule... 
Thursday, July 13, 2023 12:37:27 PM

Schedule started Thursday, July 13, 2023 12:37:27 PM

Schedule waiting till Thursday, July 13, 2023 12:38:27 PM

 Program still running 
Thursday, July 13, 2023 12:37:27 PM

 Preparing next schedule... 
Thursday, July 13, 2023 12:37:27 PM

Schedule started Thursday, July 13, 2023 12:37:27 PM

Schedule waiting till Thursday, July 13, 2023 12:38:27 PM

 Program still running 
Thursday, July 13, 2023 12:37:27 PM

 Preparing next schedule... 
Thursday, July 13, 2023 12:37:27 PM

Schedule started Thursday, July 13, 2023 12:37:27 PM

Schedule waiting till Thursday, July 13, 2023 12:38:27 PM

 Program still running 
Thursday, July 13, 2023 12:37:27 PM

 Preparing next schedule... 
Thursday, July 13, 2023 12:37:27 PM

Schedule started Thursday, July 13, 2023 12:37:27 PM

Schedule waiting till Thursday, July 13, 2023 12:38:27 PM

 Program still running 
Thursday, July 13, 2023 12:37:27 PM

 Preparing next schedule... 
Thursday, July 13, 2023 12:37:27 PM

Schedule started Thursday, July 13, 2023 12:37:27 PM

Schedule waiting till Thursday, July 13, 2023 12:38:28 PM

 Program still running 
Thursday, July 13, 2023 12:37:28 PM

 Preparing next schedule... 
Thursday, July 13, 2023 12:37:28 PM

Schedule started Thursday, July 13, 2023 12:37:28 PM

Schedule waiting till Thursday, July 13, 2023 12:38:28 PM

 Program still running 
Thursday, July 13, 2023 12:37:28 PM

 Preparing next schedule... 
Thursday, July 13, 2023 12:37:28 PM

Schedule started Thursday, July 13, 2023 12:37:28 PM

Schedule waiting till Thursday, July 13, 2023 12:38:28 PM

 Program still running 
Thursday, July 13, 2023 12:37:28 PM

 Preparing next schedule... 
Thursday, July 13, 2023 12:37:28 PM

Schedule started Thursday, July 13, 2023 12:37:28 PM

Schedule waiting till Thursday, July 13, 2023 12:38:28 PM

 Program still running 
Thursday, July 13, 2023 12:37:28 PM

 Preparing next schedule... 
Thursday, July 13, 2023 12:37:28 PM

Schedule started Thursday, July 13, 2023 12:37:28 PM

Schedule waiting till Thursday, July 13, 2023 12:38:28 PM

 Program still running 
Thursday, July 13, 2023 12:37:28 PM

 Preparing next schedule... 
Thursday, July 13, 2023 12:37:28 PM

Schedule started Thursday, July 13, 2023 12:37:29 PM

Schedule waiting till Thursday, July 13, 2023 12:38:29 PM

 Program still running 
Thursday, July 13, 2023 12:37:29 PM

 Preparing next schedule... 
Thursday, July 13, 2023 12:37:29 PM

Schedule started Thursday, July 13, 2023 12:37:29 PM

Schedule waiting till Thursday, July 13, 2023 12:38:29 PM

 Program still running 
Thursday, July 13, 2023 12:37:29 PM

 Preparing next schedule... 
Thursday, July 13, 2023 12:37:29 PM

Schedule started Thursday, July 13, 2023 12:37:29 PM

Schedule waiting till Thursday, July 13, 2023 12:38:29 PM

 Program still running 
Thursday, July 13, 2023 12:37:29 PM

 Preparing next schedule... 
Thursday, July 13, 2023 12:37:29 PM

Schedule started Thursday, July 13, 2023 12:37:29 PM

Schedule waiting till Thursday, July 13, 2023 12:38:29 PM

 Program still running 
Thursday, July 13, 2023 12:37:29 PM

 Preparing next schedule... 
Thursday, July 13, 2023 12:37:29 PM

Schedule started Thursday, July 13, 2023 12:37:30 PM

Schedule waiting till Thursday, July 13, 2023 12:38:30 PM

 Program still running 
Thursday, July 13, 2023 12:37:30 PM

 Preparing next schedule... 
Thursday, July 13, 2023 12:37:30 PM

Schedule started Thursday, July 13, 2023 12:37:30 PM

Schedule waiting till Thursday, July 13, 2023 12:38:30 PM

 Program still running 
Thursday, July 13, 2023 12:37:30 PM

 Preparing next schedule... 
Thursday, July 13, 2023 12:37:30 PM

Schedule started Thursday, July 13, 2023 12:37:30 PM

Schedule waiting till Thursday, July 13, 2023 12:38:30 PM

 Program still running 
Thursday, July 13, 2023 12:37:30 PM

 Preparing next schedule... 
Thursday, July 13, 2023 12:37:30 PM

Schedule started Thursday, July 13, 2023 12:37:30 PM

Schedule waiting till Thursday, July 13, 2023 12:38:30 PM

 Program still running 
Thursday, July 13, 2023 12:37:30 PM

 Preparing next schedule... 
Thursday, July 13, 2023 12:37:30 PM

Schedule started Thursday, July 13, 2023 12:37:30 PM

Schedule waiting till Thursday, July 13, 2023 12:38:30 PM

 Program still running 
Thursday, July 13, 2023 12:37:30 PM

 Preparing next schedule... 
Thursday, July 13, 2023 12:37:31 PM

Schedule started Thursday, July 13, 2023 12:37:31 PM

Schedule waiting till Thursday, July 13, 2023 12:38:31 PM

 Program still running 
Thursday, July 13, 2023 12:37:31 PM

 Preparing next schedule... 
Thursday, July 13, 2023 12:37:31 PM

Schedule started Thursday, July 13, 2023 12:37:31 PM

Schedule waiting till Thursday, July 13, 2023 12:38:31 PM

 Program still running 
Thursday, July 13, 2023 12:37:31 PM

 Preparing next schedule... 
Thursday, July 13, 2023 12:37:31 PM

Schedule started Thursday, July 13, 2023 12:37:31 PM

Schedule waiting till Thursday, July 13, 2023 12:38:31 PM

 Program still running 
Thursday, July 13, 2023 12:37:31 PM

 Preparing next schedule... 
Thursday, July 13, 2023 12:37:31 PM

Schedule started Thursday, July 13, 2023 12:37:31 PM

Schedule waiting till Thursday, July 13, 2023 12:38:31 PM

 Program still running 
Thursday, July 13, 2023 12:37:31 PM

 Preparing next schedule... 
Thursday, July 13, 2023 12:37:31 PM

Schedule started Thursday, July 13, 2023 12:37:31 PM

Schedule waiting till Thursday, July 13, 2023 12:38:32 PM

 Program still running 
Thursday, July 13, 2023 12:37:32 PM

 Preparing next schedule... 
Thursday, July 13, 2023 12:37:32 PM

Schedule started Thursday, July 13, 2023 12:37:32 PM

Schedule waiting till Thursday, July 13, 2023 12:38:32 PM

 Program still running 
Thursday, July 13, 2023 12:37:32 PM

 Preparing next schedule... 
Thursday, July 13, 2023 12:37:32 PM

Schedule started Thursday, July 13, 2023 12:37:32 PM

Schedule waiting till Thursday, July 13, 2023 12:38:32 PM

 Program still running 
Thursday, July 13, 2023 12:37:32 PM

 Preparing next schedule... 
Thursday, July 13, 2023 12:37:32 PM

Schedule started Thursday, July 13, 2023 12:37:32 PM

Schedule waiting till Thursday, July 13, 2023 12:38:32 PM

 Program still running 
Thursday, July 13, 2023 12:37:32 PM

 Preparing next schedule... 
Thursday, July 13, 2023 12:37:32 PM

Schedule started Thursday, July 13, 2023 12:37:32 PM

Schedule waiting till Thursday, July 13, 2023 12:38:32 PM

 Program still running 
Thursday, July 13, 2023 12:37:32 PM

 Preparing next schedule... 
Thursday, July 13, 2023 12:37:32 PM

Schedule started Thursday, July 13, 2023 12:37:32 PM

Schedule waiting till Thursday, July 13, 2023 12:38:33 PM

 Program still running 
Thursday, July 13, 2023 12:37:33 PM

 Preparing next schedule... 
Thursday, July 13, 2023 12:37:33 PM

Schedule started Thursday, July 13, 2023 12:37:33 PM

Schedule waiting till Thursday, July 13, 2023 12:38:33 PM

 Program still running 
Thursday, July 13, 2023 12:37:33 PM

 Preparing next schedule... 
Thursday, July 13, 2023 12:37:33 PM

Schedule started Thursday, July 13, 2023 12:37:33 PM

Schedule waiting till Thursday, July 13, 2023 12:38:33 PM

 Program still running 
Thursday, July 13, 2023 12:37:33 PM

 Preparing next schedule... 
Thursday, July 13, 2023 12:37:33 PM

Schedule started Thursday, July 13, 2023 12:37:33 PM

Schedule waiting till Thursday, July 13, 2023 12:38:33 PM

 Program still running 
Thursday, July 13, 2023 12:37:33 PM

 Preparing next schedule... 
Thursday, July 13, 2023 12:37:33 PM

Schedule started Thursday, July 13, 2023 12:37:33 PM

Schedule waiting till Thursday, July 13, 2023 12:38:33 PM

 Program still running 
Thursday, July 13, 2023 12:37:34 PM

 Preparing next schedule... 
Thursday, July 13, 2023 12:37:34 PM

Schedule started Thursday, July 13, 2023 12:37:34 PM

Schedule waiting till Thursday, July 13, 2023 12:38:34 PM

 Program still running 
Thursday, July 13, 2023 12:37:34 PM

 Preparing next schedule... 
Thursday, July 13, 2023 12:37:34 PM

Schedule started Thursday, July 13, 2023 12:37:34 PM

Schedule waiting till Thursday, July 13, 2023 12:38:34 PM

 Program still running 
Thursday, July 13, 2023 12:37:34 PM

 Preparing next schedule... 
Thursday, July 13, 2023 12:37:34 PM

Schedule started Thursday, July 13, 2023 12:37:34 PM

Schedule waiting till Thursday, July 13, 2023 12:38:34 PM

 Program still running 
Thursday, July 13, 2023 12:37:34 PM

 Preparing next schedule... 
Thursday, July 13, 2023 12:37:34 PM

Schedule started Thursday, July 13, 2023 12:37:34 PM

Schedule waiting till Thursday, July 13, 2023 12:38:35 PM

 Program still running 
Thursday, July 13, 2023 12:37:35 PM

 Preparing next schedule... 
Thursday, July 13, 2023 12:37:35 PM

Schedule started Thursday, July 13, 2023 12:37:35 PM

Schedule waiting till Thursday, July 13, 2023 12:38:35 PM

 Program still running 
Thursday, July 13, 2023 12:37:35 PM

 Preparing next schedule... 
Thursday, July 13, 2023 12:37:35 PM

Schedule started Thursday, July 13, 2023 12:37:35 PM

Schedule waiting till Thursday, July 13, 2023 12:38:35 PM

 Program still running 
Thursday, July 13, 2023 12:37:35 PM

 Preparing next schedule... 
Thursday, July 13, 2023 12:37:35 PM

Schedule started Thursday, July 13, 2023 12:37:35 PM

Schedule waiting till Thursday, July 13, 2023 12:38:35 PM

 Program still running 
Thursday, July 13, 2023 12:37:35 PM

 Preparing next schedule... 
Thursday, July 13, 2023 12:37:35 PM

Schedule started Thursday, July 13, 2023 12:37:35 PM

Schedule waiting till Thursday, July 13, 2023 12:38:35 PM

 Program still running 
Thursday, July 13, 2023 12:37:35 PM

 Preparing next schedule... 
Thursday, July 13, 2023 12:37:36 PM

Schedule started Thursday, July 13, 2023 12:37:36 PM

Schedule waiting till Thursday, July 13, 2023 12:38:36 PM

 Program still running 
Thursday, July 13, 2023 12:37:36 PM

 Preparing next schedule... 
Thursday, July 13, 2023 12:37:36 PM

Schedule started Thursday, July 13, 2023 12:37:36 PM

Schedule waiting till Thursday, July 13, 2023 12:38:36 PM

 Program still running 
Thursday, July 13, 2023 12:37:36 PM

 Preparing next schedule... 
Thursday, July 13, 2023 12:37:36 PM

Schedule started Thursday, July 13, 2023 12:37:36 PM

Schedule waiting till Thursday, July 13, 2023 12:38:36 PM

 Program still running 
Thursday, July 13, 2023 12:37:36 PM

 Preparing next schedule... 
Thursday, July 13, 2023 12:37:36 PM

Schedule started Thursday, July 13, 2023 12:37:36 PM

Schedule waiting till Thursday, July 13, 2023 12:38:36 PM

 Program still running 
Thursday, July 13, 2023 12:37:36 PM

 Preparing next schedule... 
Thursday, July 13, 2023 12:37:36 PM

Schedule started Thursday, July 13, 2023 12:37:36 PM

Schedule waiting till Thursday, July 13, 2023 12:38:37 PM

 Program still running 
Thursday, July 13, 2023 12:37:37 PM

 Preparing next schedule... 
Thursday, July 13, 2023 12:37:37 PM

Schedule started Thursday, July 13, 2023 12:37:37 PM

Schedule waiting till Thursday, July 13, 2023 12:38:37 PM

 Program still running 
Thursday, July 13, 2023 12:37:37 PM

 Preparing next schedule... 
Thursday, July 13, 2023 12:37:37 PM

Schedule started Thursday, July 13, 2023 12:37:37 PM

Schedule waiting till Thursday, July 13, 2023 12:38:37 PM

 Program still running 
Thursday, July 13, 2023 12:37:37 PM

 Preparing next schedule... 
Thursday, July 13, 2023 12:37:37 PM

Schedule started Thursday, July 13, 2023 12:37:37 PM

Schedule waiting till Thursday, July 13, 2023 12:38:37 PM

 Program still running 
Thursday, July 13, 2023 12:37:37 PM

 Preparing next schedule... 
Thursday, July 13, 2023 12:37:37 PM

Schedule started Thursday, July 13, 2023 12:37:37 PM

Schedule waiting till Thursday, July 13, 2023 12:38:38 PM

 Program still running 
Thursday, July 13, 2023 12:37:38 PM

 Preparing next schedule... 
Thursday, July 13, 2023 12:37:38 PM

Schedule started Thursday, July 13, 2023 12:37:38 PM

Schedule waiting till Thursday, July 13, 2023 12:38:38 PM

 Program still running 
Thursday, July 13, 2023 12:37:38 PM

 Preparing next schedule... 
Thursday, July 13, 2023 12:37:38 PM

Schedule started Thursday, July 13, 2023 12:37:38 PM

Schedule waiting till Thursday, July 13, 2023 12:38:38 PM

 Program still running 
Thursday, July 13, 2023 12:37:38 PM

 Preparing next schedule... 
Thursday, July 13, 2023 12:37:38 PM

Schedule started Thursday, July 13, 2023 12:37:38 PM

Schedule waiting till Thursday, July 13, 2023 12:38:39 PM

 Program still running 
Thursday, July 13, 2023 12:37:39 PM

 Preparing next schedule... 
Thursday, July 13, 2023 12:37:39 PM

Schedule started Thursday, July 13, 2023 12:37:39 PM

Schedule waiting till Thursday, July 13, 2023 12:38:39 PM

 Program still running 
Thursday, July 13, 2023 12:37:39 PM

 Preparing next schedule... 
Thursday, July 13, 2023 12:37:39 PM

Schedule started Thursday, July 13, 2023 12:37:39 PM

Schedule waiting till Thursday, July 13, 2023 12:38:39 PM

 Program still running 
Thursday, July 13, 2023 12:37:40 PM

 Preparing next schedule... 
Thursday, July 13, 2023 12:37:40 PM

Schedule started Thursday, July 13, 2023 12:37:40 PM

Schedule waiting till Thursday, July 13, 2023 12:38:40 PM

 Program still running 
Thursday, July 13, 2023 12:37:40 PM

 Preparing next schedule... 
Thursday, July 13, 2023 12:37:40 PM

Schedule started Thursday, July 13, 2023 12:37:40 PM

Schedule waiting till Thursday, July 13, 2023 12:38:40 PM

 Program still running 
Thursday, July 13, 2023 12:37:40 PM

 Preparing next schedule... 
Thursday, July 13, 2023 12:37:40 PM

Schedule started Thursday, July 13, 2023 12:37:40 PM

Schedule waiting till Thursday, July 13, 2023 12:38:41 PM

 Program still running 
Thursday, July 13, 2023 12:37:41 PM

 Preparing next schedule... 
Thursday, July 13, 2023 12:37:41 PM

Schedule started Thursday, July 13, 2023 12:37:41 PM

Schedule waiting till Thursday, July 13, 2023 12:38:41 PM

 Program still running 
Thursday, July 13, 2023 12:37:41 PM

 Preparing next schedule... 
Thursday, July 13, 2023 12:37:41 PM

Schedule started Thursday, July 13, 2023 12:37:41 PM

Schedule waiting till Thursday, July 13, 2023 12:38:41 PM

 Program still running 
Thursday, July 13, 2023 12:37:41 PM

 Preparing next schedule... 
Thursday, July 13, 2023 12:37:41 PM

Schedule started Thursday, July 13, 2023 12:37:41 PM

Schedule waiting till Thursday, July 13, 2023 12:38:42 PM

 Program still running 
Thursday, July 13, 2023 12:37:42 PM

 Preparing next schedule... 
Thursday, July 13, 2023 12:37:42 PM

Schedule started Thursday, July 13, 2023 12:37:42 PM

Schedule waiting till Thursday, July 13, 2023 12:38:42 PM

 Program still running 
Thursday, July 13, 2023 12:37:42 PM

 Preparing next schedule... 
Thursday, July 13, 2023 12:37:42 PM

Schedule started Thursday, July 13, 2023 12:37:42 PM

Schedule waiting till Thursday, July 13, 2023 12:38:42 PM

 Program still running 
Thursday, July 13, 2023 12:37:42 PM

 Preparing next schedule... 
Thursday, July 13, 2023 12:37:42 PM

Schedule started Thursday, July 13, 2023 12:37:42 PM

Schedule waiting till Thursday, July 13, 2023 12:38:43 PM

 Program still running 
Thursday, July 13, 2023 12:37:43 PM

 Preparing next schedule... 
Thursday, July 13, 2023 12:37:43 PM

Schedule started Thursday, July 13, 2023 12:37:43 PM

Schedule waiting till Thursday, July 13, 2023 12:38:43 PM

 Program still running 
Thursday, July 13, 2023 12:37:43 PM

 Preparing next schedule... 
Thursday, July 13, 2023 12:37:43 PM

Schedule started Thursday, July 13, 2023 12:37:43 PM

Schedule waiting till Thursday, July 13, 2023 12:38:44 PM

 Program still running 
Thursday, July 13, 2023 12:37:44 PM

 Preparing next schedule... 
Thursday, July 13, 2023 12:37:44 PM

Schedule started Thursday, July 13, 2023 12:37:44 PM

Schedule waiting till Thursday, July 13, 2023 12:38:44 PM

 Program still running 
Thursday, July 13, 2023 12:37:44 PM

 Preparing next schedule... 
Thursday, July 13, 2023 12:37:44 PM

Schedule started Thursday, July 13, 2023 12:37:44 PM

Schedule waiting till Thursday, July 13, 2023 12:38:44 PM

 Program still running 
Thursday, July 13, 2023 12:37:45 PM

 Preparing next schedule... 
Thursday, July 13, 2023 12:37:45 PM

Schedule started Thursday, July 13, 2023 12:37:45 PM

Schedule waiting till Thursday, July 13, 2023 12:38:45 PM

 Program still running 
Thursday, July 13, 2023 12:37:45 PM

 Preparing next schedule... 
Thursday, July 13, 2023 12:37:45 PM

Schedule started Thursday, July 13, 2023 12:37:45 PM

Schedule waiting till Thursday, July 13, 2023 12:38:45 PM

 Program still running 
Thursday, July 13, 2023 12:37:45 PM

 Preparing next schedule... 
Thursday, July 13, 2023 12:37:45 PM

Schedule started Thursday, July 13, 2023 12:37:46 PM

Schedule waiting till Thursday, July 13, 2023 12:38:46 PM

 Program still running 
Thursday, July 13, 2023 12:37:46 PM

 Preparing next schedule... 
Thursday, July 13, 2023 12:37:46 PM

Schedule started Thursday, July 13, 2023 12:37:46 PM

Schedule waiting till Thursday, July 13, 2023 12:38:46 PM

 Program still running 
Thursday, July 13, 2023 12:37:46 PM

 Preparing next schedule... 
Thursday, July 13, 2023 12:37:46 PM

Schedule started Thursday, July 13, 2023 12:37:46 PM

Schedule waiting till Thursday, July 13, 2023 12:38:46 PM

 Program still running 
Thursday, July 13, 2023 12:37:46 PM

 Preparing next schedule... 
Thursday, July 13, 2023 12:37:46 PM

Schedule started Thursday, July 13, 2023 12:37:46 PM

Schedule waiting till Thursday, July 13, 2023 12:38:47 PM

 Program still running 
Thursday, July 13, 2023 12:37:47 PM

 Preparing next schedule... 
Thursday, July 13, 2023 12:37:47 PM

Schedule started Thursday, July 13, 2023 12:37:47 PM

Schedule waiting till Thursday, July 13, 2023 12:38:47 PM

 Program still running 
Thursday, July 13, 2023 12:37:47 PM

 Preparing next schedule... 
Thursday, July 13, 2023 12:37:47 PM

Schedule started Thursday, July 13, 2023 12:37:47 PM

Schedule waiting till Thursday, July 13, 2023 12:38:47 PM

 Program still running 
Thursday, July 13, 2023 12:37:47 PM

 Preparing next schedule... 
Thursday, July 13, 2023 12:37:47 PM

Schedule started Thursday, July 13, 2023 12:37:47 PM

Schedule waiting till Thursday, July 13, 2023 12:38:47 PM

 Program still running 
Thursday, July 13, 2023 12:37:48 PM

 Preparing next schedule... 
Thursday, July 13, 2023 12:37:48 PM

Schedule started Thursday, July 13, 2023 12:37:48 PM

Schedule waiting till Thursday, July 13, 2023 12:38:48 PM

 Program still running 
Thursday, July 13, 2023 12:37:48 PM

 Preparing next schedule... 
Thursday, July 13, 2023 12:37:48 PM

Schedule started Thursday, July 13, 2023 12:37:48 PM

Schedule waiting till Thursday, July 13, 2023 12:38:48 PM

 Program still running 
Thursday, July 13, 2023 12:37:48 PM

 Preparing next schedule... 
Thursday, July 13, 2023 12:37:48 PM

Schedule started Thursday, July 13, 2023 12:37:48 PM

Schedule waiting till Thursday, July 13, 2023 12:38:48 PM

 Program still running 
Thursday, July 13, 2023 12:37:48 PM

 Preparing next schedule... 
Thursday, July 13, 2023 12:37:49 PM

Schedule started Thursday, July 13, 2023 12:37:49 PM

Schedule waiting till Thursday, July 13, 2023 12:38:49 PM

 Program still running 
Thursday, July 13, 2023 12:37:49 PM

 Preparing next schedule... 
Thursday, July 13, 2023 12:37:49 PM

Schedule started Thursday, July 13, 2023 12:37:49 PM

Schedule waiting till Thursday, July 13, 2023 12:38:49 PM

 Program still running 
Thursday, July 13, 2023 12:37:49 PM

 Preparing next schedule... 
Thursday, July 13, 2023 12:37:49 PM

Schedule started Thursday, July 13, 2023 12:37:49 PM

Schedule waiting till Thursday, July 13, 2023 12:38:50 PM

 Program still running 
Thursday, July 13, 2023 12:37:50 PM

 Preparing next schedule... 
Thursday, July 13, 2023 12:37:50 PM

Schedule started Thursday, July 13, 2023 12:37:50 PM

Schedule waiting till Thursday, July 13, 2023 12:38:50 PM

 Program still running 
Thursday, July 13, 2023 12:37:50 PM

 Preparing next schedule... 
Thursday, July 13, 2023 12:37:50 PM

Schedule started Thursday, July 13, 2023 12:37:50 PM

Schedule waiting till Thursday, July 13, 2023 12:38:50 PM

 Program still running 
Thursday, July 13, 2023 12:37:50 PM

 Preparing next schedule... 
Thursday, July 13, 2023 12:37:51 PM

Schedule started Thursday, July 13, 2023 12:37:51 PM

Schedule waiting till Thursday, July 13, 2023 12:38:51 PM

 Program still running 
Thursday, July 13, 2023 12:37:51 PM

 Preparing next schedule... 
Thursday, July 13, 2023 12:37:51 PM

Schedule started Thursday, July 13, 2023 12:37:51 PM

Schedule waiting till Thursday, July 13, 2023 12:38:51 PM

 Program still running 
Thursday, July 13, 2023 12:37:51 PM

 Preparing next schedule... 
Thursday, July 13, 2023 12:37:51 PM

Schedule started Thursday, July 13, 2023 12:37:51 PM

Schedule waiting till Thursday, July 13, 2023 12:38:51 PM

 Program still running 
Thursday, July 13, 2023 12:37:51 PM

 Preparing next schedule... 
Thursday, July 13, 2023 12:37:51 PM

Schedule started Thursday, July 13, 2023 12:37:52 PM

Schedule waiting till Thursday, July 13, 2023 12:38:52 PM

 Program still running 
Thursday, July 13, 2023 12:37:52 PM

 Preparing next schedule... 
Thursday, July 13, 2023 12:37:52 PM

Schedule started Thursday, July 13, 2023 12:37:52 PM

Schedule waiting till Thursday, July 13, 2023 12:38:52 PM

 Program still running 
Thursday, July 13, 2023 12:37:52 PM

 Preparing next schedule... 
Thursday, July 13, 2023 12:37:52 PM

Schedule started Thursday, July 13, 2023 12:37:52 PM

Schedule waiting till Thursday, July 13, 2023 12:38:53 PM

 Program still running 
Thursday, July 13, 2023 12:37:53 PM

 Preparing next schedule... 
Thursday, July 13, 2023 12:37:53 PM

Schedule started Thursday, July 13, 2023 12:37:53 PM

Schedule waiting till Thursday, July 13, 2023 12:38:53 PM

 Program still running 
Thursday, July 13, 2023 12:37:53 PM

 Preparing next schedule... 
Thursday, July 13, 2023 12:37:53 PM

Schedule started Thursday, July 13, 2023 12:37:53 PM

Schedule waiting till Thursday, July 13, 2023 12:38:53 PM

 Program still running 
Thursday, July 13, 2023 12:37:53 PM

 Preparing next schedule... 
Thursday, July 13, 2023 12:37:54 PM

Schedule started Thursday, July 13, 2023 12:37:54 PM

Schedule waiting till Thursday, July 13, 2023 12:38:54 PM

 Program still running 
Thursday, July 13, 2023 12:37:54 PM

 Preparing next schedule... 
Thursday, July 13, 2023 12:37:54 PM

Schedule started Thursday, July 13, 2023 12:37:54 PM

Schedule waiting till Thursday, July 13, 2023 12:38:54 PM

 Program still running 
Thursday, July 13, 2023 12:37:54 PM

 Preparing next schedule... 
Thursday, July 13, 2023 12:37:54 PM

Schedule started Thursday, July 13, 2023 12:37:54 PM

Schedule waiting till Thursday, July 13, 2023 12:38:54 PM

 Program still running 
Thursday, July 13, 2023 12:37:54 PM

 Preparing next schedule... 
Thursday, July 13, 2023 12:37:54 PM

Schedule started Thursday, July 13, 2023 12:37:55 PM

Schedule waiting till Thursday, July 13, 2023 12:38:55 PM

 Program still running 
Thursday, July 13, 2023 12:37:55 PM

 Preparing next schedule... 
Thursday, July 13, 2023 12:37:55 PM

Schedule started Thursday, July 13, 2023 12:37:55 PM

Schedule waiting till Thursday, July 13, 2023 12:38:55 PM

 Program still running 
Thursday, July 13, 2023 12:37:55 PM

 Preparing next schedule... 
Thursday, July 13, 2023 12:37:55 PM

Schedule started Thursday, July 13, 2023 12:37:55 PM

Schedule waiting till Thursday, July 13, 2023 12:38:55 PM

 Program still running 
Thursday, July 13, 2023 12:37:55 PM

 Preparing next schedule... 
Thursday, July 13, 2023 12:37:55 PM

Schedule started Thursday, July 13, 2023 12:37:55 PM

Schedule waiting till Thursday, July 13, 2023 12:38:56 PM

 Program still running 
Thursday, July 13, 2023 12:37:56 PM

 Preparing next schedule... 
Thursday, July 13, 2023 12:37:56 PM

Schedule started Thursday, July 13, 2023 12:37:56 PM

Schedule waiting till Thursday, July 13, 2023 12:38:56 PM

 Program still running 
Thursday, July 13, 2023 12:37:56 PM

 Preparing next schedule... 
Thursday, July 13, 2023 12:37:56 PM

Schedule started Thursday, July 13, 2023 12:37:56 PM

Schedule waiting till Thursday, July 13, 2023 12:38:56 PM

 Program still running 
Thursday, July 13, 2023 12:37:56 PM

 Preparing next schedule... 
Thursday, July 13, 2023 12:37:57 PM

Schedule started Thursday, July 13, 2023 12:37:57 PM

Schedule waiting till Thursday, July 13, 2023 12:38:57 PM

 Program still running 
Thursday, July 13, 2023 12:37:57 PM

 Preparing next schedule... 
Thursday, July 13, 2023 12:37:57 PM

Schedule started Thursday, July 13, 2023 12:37:57 PM

Schedule waiting till Thursday, July 13, 2023 12:38:57 PM

 Program still running 
Thursday, July 13, 2023 12:37:57 PM

 Preparing next schedule... 
Thursday, July 13, 2023 12:37:57 PM

Schedule started Thursday, July 13, 2023 12:37:57 PM

Schedule waiting till Thursday, July 13, 2023 12:38:57 PM

 Program still running 
Thursday, July 13, 2023 12:37:57 PM

 Preparing next schedule... 
Thursday, July 13, 2023 12:37:57 PM

Schedule started Thursday, July 13, 2023 12:37:57 PM

Schedule waiting till Thursday, July 13, 2023 12:38:58 PM

 Program still running 
Thursday, July 13, 2023 12:37:58 PM

 Preparing next schedule... 
Thursday, July 13, 2023 12:37:58 PM

Schedule started Thursday, July 13, 2023 12:37:58 PM

Schedule waiting till Thursday, July 13, 2023 12:38:58 PM

 Program still running 
Thursday, July 13, 2023 12:37:58 PM

 Preparing next schedule... 
Thursday, July 13, 2023 12:37:58 PM

Schedule started Thursday, July 13, 2023 12:37:58 PM

Schedule waiting till Thursday, July 13, 2023 12:38:58 PM

 Program still running 
Thursday, July 13, 2023 12:37:58 PM

 Preparing next schedule... 
Thursday, July 13, 2023 12:37:59 PM

Schedule started Thursday, July 13, 2023 12:37:59 PM

Schedule waiting till Thursday, July 13, 2023 12:38:59 PM

 Program still running 
Thursday, July 13, 2023 12:37:59 PM

 Preparing next schedule... 
Thursday, July 13, 2023 12:37:59 PM

Schedule started Thursday, July 13, 2023 12:37:59 PM

Schedule waiting till Thursday, July 13, 2023 12:38:59 PM

 Program still running 
Thursday, July 13, 2023 12:37:59 PM

 Preparing next schedule... 
Thursday, July 13, 2023 12:37:59 PM

Schedule started Thursday, July 13, 2023 12:37:59 PM

Schedule waiting till Thursday, July 13, 2023 12:39:00 PM

 Program still running 
Thursday, July 13, 2023 12:38:00 PM

 Preparing next schedule... 
Thursday, July 13, 2023 12:38:00 PM

Schedule started Thursday, July 13, 2023 12:38:00 PM

Schedule waiting till Thursday, July 13, 2023 12:39:00 PM

 Program still running 
Thursday, July 13, 2023 12:38:00 PM

 Preparing next schedule... 
Thursday, July 13, 2023 12:38:00 PM

Schedule started Thursday, July 13, 2023 12:38:00 PM

Schedule waiting till Thursday, July 13, 2023 12:39:01 PM

 Program still running 
Thursday, July 13, 2023 12:38:01 PM

 Preparing next schedule... 
Thursday, July 13, 2023 12:38:01 PM

Schedule started Thursday, July 13, 2023 12:38:01 PM

Schedule waiting till Thursday, July 13, 2023 12:39:01 PM

 Program still running 
Thursday, July 13, 2023 12:38:01 PM

 Preparing next schedule... 
Thursday, July 13, 2023 12:38:01 PM

Schedule started Thursday, July 13, 2023 12:38:01 PM

Schedule waiting till Thursday, July 13, 2023 12:39:01 PM

 Program still running 
Thursday, July 13, 2023 12:38:01 PM

 Preparing next schedule... 
Thursday, July 13, 2023 12:38:01 PM

Schedule started Thursday, July 13, 2023 12:38:01 PM

Schedule waiting till Thursday, July 13, 2023 12:39:02 PM

 Program still running 
Thursday, July 13, 2023 12:38:02 PM

 Preparing next schedule... 
Thursday, July 13, 2023 12:38:02 PM

Schedule started Thursday, July 13, 2023 12:38:02 PM

Schedule waiting till Thursday, July 13, 2023 12:39:02 PM

 Program still running 
Thursday, July 13, 2023 12:38:02 PM

 Preparing next schedule... 
Thursday, July 13, 2023 12:38:02 PM

Schedule started Thursday, July 13, 2023 12:38:02 PM

Schedule waiting till Thursday, July 13, 2023 12:39:02 PM

 Program still running 
Thursday, July 13, 2023 12:38:02 PM

 Preparing next schedule... 
Thursday, July 13, 2023 12:38:02 PM

Schedule started Thursday, July 13, 2023 12:38:02 PM

Schedule waiting till Thursday, July 13, 2023 12:39:03 PM

 Program still running 
Thursday, July 13, 2023 12:38:03 PM

 Preparing next schedule... 
Thursday, July 13, 2023 12:38:03 PM

Schedule started Thursday, July 13, 2023 12:38:03 PM

Schedule waiting till Thursday, July 13, 2023 12:39:03 PM

 Program still running 
Thursday, July 13, 2023 12:38:03 PM

 Preparing next schedule... 
Thursday, July 13, 2023 12:38:03 PM

Schedule started Thursday, July 13, 2023 12:38:03 PM

Schedule waiting till Thursday, July 13, 2023 12:39:03 PM

 Program still running 
Thursday, July 13, 2023 12:38:03 PM

 Preparing next schedule... 
Thursday, July 13, 2023 12:38:03 PM

Schedule started Thursday, July 13, 2023 12:38:03 PM

Schedule waiting till Thursday, July 13, 2023 12:39:04 PM

 Program still running 
Thursday, July 13, 2023 12:38:04 PM

 Preparing next schedule... 
Thursday, July 13, 2023 12:38:04 PM

Schedule started Thursday, July 13, 2023 12:38:04 PM

Schedule waiting till Thursday, July 13, 2023 12:39:04 PM

 Program still running 
Thursday, July 13, 2023 12:38:04 PM

 Preparing next schedule... 
Thursday, July 13, 2023 12:38:04 PM

Schedule started Thursday, July 13, 2023 12:38:04 PM

Schedule waiting till Thursday, July 13, 2023 12:39:05 PM

 Program still running 
Thursday, July 13, 2023 12:38:05 PM

 Preparing next schedule... 
Thursday, July 13, 2023 12:38:05 PM

Schedule started Thursday, July 13, 2023 12:38:05 PM

Schedule waiting till Thursday, July 13, 2023 12:39:05 PM

 Program still running 
Thursday, July 13, 2023 12:38:05 PM

 Preparing next schedule... 
Thursday, July 13, 2023 12:38:05 PM

Schedule started Thursday, July 13, 2023 12:38:05 PM

Schedule waiting till Thursday, July 13, 2023 12:39:05 PM

 Program still running 
Thursday, July 13, 2023 12:38:05 PM

 Preparing next schedule... 
Thursday, July 13, 2023 12:38:05 PM

Schedule started Thursday, July 13, 2023 12:38:05 PM

Schedule waiting till Thursday, July 13, 2023 12:39:06 PM

 Program still running 
Thursday, July 13, 2023 12:38:06 PM

 Preparing next schedule... 
Thursday, July 13, 2023 12:38:06 PM

Schedule started Thursday, July 13, 2023 12:38:06 PM

Schedule waiting till Thursday, July 13, 2023 12:39:06 PM

 Program still running 
Thursday, July 13, 2023 12:38:06 PM

 Preparing next schedule... 
Thursday, July 13, 2023 12:38:06 PM

Schedule started Thursday, July 13, 2023 12:38:06 PM

Schedule waiting till Thursday, July 13, 2023 12:39:06 PM

 Program still running 
Thursday, July 13, 2023 12:38:06 PM

 Preparing next schedule... 
Thursday, July 13, 2023 12:38:06 PM

Schedule started Thursday, July 13, 2023 12:38:06 PM

Schedule waiting till Thursday, July 13, 2023 12:39:07 PM

 Program still running 
Thursday, July 13, 2023 12:38:07 PM

 Preparing next schedule... 
Thursday, July 13, 2023 12:38:07 PM

Schedule started Thursday, July 13, 2023 12:38:07 PM

Schedule waiting till Thursday, July 13, 2023 12:39:07 PM

 Program still running 
Thursday, July 13, 2023 12:38:07 PM

 Preparing next schedule... 
Thursday, July 13, 2023 12:38:07 PM

Schedule started Thursday, July 13, 2023 12:38:07 PM

Schedule waiting till Thursday, July 13, 2023 12:39:07 PM

 Program still running 
Thursday, July 13, 2023 12:38:07 PM

 Preparing next schedule... 
Thursday, July 13, 2023 12:38:07 PM

Schedule started Thursday, July 13, 2023 12:38:07 PM

Schedule waiting till Thursday, July 13, 2023 12:39:08 PM

 Program still running 
Thursday, July 13, 2023 12:38:08 PM

 Preparing next schedule... 
Thursday, July 13, 2023 12:38:08 PM

Schedule started Thursday, July 13, 2023 12:38:08 PM

Schedule waiting till Thursday, July 13, 2023 12:39:08 PM

 Program still running 
Thursday, July 13, 2023 12:38:08 PM

 Preparing next schedule... 
Thursday, July 13, 2023 12:38:08 PM

Schedule started Thursday, July 13, 2023 12:38:08 PM

Schedule waiting till Thursday, July 13, 2023 12:39:08 PM

 Program still running 
Thursday, July 13, 2023 12:38:08 PM

 Preparing next schedule... 
Thursday, July 13, 2023 12:38:08 PM

Schedule started Thursday, July 13, 2023 12:38:08 PM

Schedule waiting till Thursday, July 13, 2023 12:39:09 PM

 Program still running 
Thursday, July 13, 2023 12:38:09 PM

 Preparing next schedule... 
Thursday, July 13, 2023 12:38:09 PM

Schedule started Thursday, July 13, 2023 12:38:09 PM

Schedule waiting till Thursday, July 13, 2023 12:39:09 PM

 Program still running 
Thursday, July 13, 2023 12:38:09 PM

 Preparing next schedule... 
Thursday, July 13, 2023 12:38:09 PM

Schedule started Thursday, July 13, 2023 12:38:09 PM

Schedule waiting till Thursday, July 13, 2023 12:39:09 PM

 Program still running 
Thursday, July 13, 2023 12:38:09 PM

 Preparing next schedule... 
Thursday, July 13, 2023 12:38:09 PM

Schedule started Thursday, July 13, 2023 12:38:09 PM

Schedule waiting till Thursday, July 13, 2023 12:39:09 PM

 Program still running 
Thursday, July 13, 2023 12:38:10 PM

 Preparing next schedule... 
Thursday, July 13, 2023 12:38:10 PM

Schedule started Thursday, July 13, 2023 12:38:10 PM

Schedule waiting till Thursday, July 13, 2023 12:39:10 PM

 Program still running 
Thursday, July 13, 2023 12:38:10 PM

 Preparing next schedule... 
Thursday, July 13, 2023 12:38:10 PM

Schedule started Thursday, July 13, 2023 12:38:10 PM

Schedule waiting till Thursday, July 13, 2023 12:39:10 PM

 Program still running 
Thursday, July 13, 2023 12:38:10 PM

 Preparing next schedule... 
Thursday, July 13, 2023 12:38:10 PM

Schedule started Thursday, July 13, 2023 12:38:10 PM

Schedule waiting till Thursday, July 13, 2023 12:39:11 PM

 Program still running 
Thursday, July 13, 2023 12:38:11 PM

 Preparing next schedule... 
Thursday, July 13, 2023 12:38:11 PM

Schedule started Thursday, July 13, 2023 12:38:11 PM

Schedule waiting till Thursday, July 13, 2023 12:39:11 PM

 Program still running 
Thursday, July 13, 2023 12:38:11 PM

 Preparing next schedule... 
Thursday, July 13, 2023 12:38:11 PM

Schedule started Thursday, July 13, 2023 12:38:11 PM

Schedule waiting till Thursday, July 13, 2023 12:39:11 PM

 Program still running 
Thursday, July 13, 2023 12:38:11 PM

 Preparing next schedule... 
Thursday, July 13, 2023 12:38:11 PM

Schedule started Thursday, July 13, 2023 12:38:11 PM

Schedule waiting till Thursday, July 13, 2023 12:39:12 PM

 Program still running 
Thursday, July 13, 2023 12:38:12 PM

 Preparing next schedule... 
Thursday, July 13, 2023 12:38:12 PM

Schedule started Thursday, July 13, 2023 12:38:12 PM

Schedule waiting till Thursday, July 13, 2023 12:39:12 PM

 Program still running 
Thursday, July 13, 2023 12:38:12 PM

 Preparing next schedule... 
Thursday, July 13, 2023 12:38:12 PM

Schedule started Thursday, July 13, 2023 12:38:12 PM

Schedule waiting till Thursday, July 13, 2023 12:39:12 PM

 Program still running 
Thursday, July 13, 2023 12:38:12 PM

 Preparing next schedule... 
Thursday, July 13, 2023 12:38:12 PM

Schedule started Thursday, July 13, 2023 12:38:12 PM

Schedule waiting till Thursday, July 13, 2023 12:39:13 PM

 Program still running 
Thursday, July 13, 2023 12:38:13 PM

 Preparing next schedule... 
Thursday, July 13, 2023 12:38:13 PM

Schedule started Thursday, July 13, 2023 12:38:13 PM

Schedule waiting till Thursday, July 13, 2023 12:39:13 PM

 Program still running 
Thursday, July 13, 2023 12:38:13 PM

 Preparing next schedule... 
Thursday, July 13, 2023 12:38:13 PM

Schedule started Thursday, July 13, 2023 12:38:13 PM

Schedule waiting till Thursday, July 13, 2023 12:39:13 PM

 Program still running 
Thursday, July 13, 2023 12:38:13 PM

 Preparing next schedule... 
Thursday, July 13, 2023 12:38:13 PM

Schedule started Thursday, July 13, 2023 12:38:13 PM

Schedule waiting till Thursday, July 13, 2023 12:39:14 PM

 Program still running 
Thursday, July 13, 2023 12:38:14 PM

 Preparing next schedule... 
Thursday, July 13, 2023 12:38:14 PM

Schedule started Thursday, July 13, 2023 12:38:14 PM

Schedule waiting till Thursday, July 13, 2023 12:39:14 PM

 Program still running 
Thursday, July 13, 2023 12:38:14 PM

 Preparing next schedule... 
Thursday, July 13, 2023 12:38:14 PM

Schedule started Thursday, July 13, 2023 12:38:14 PM

Schedule waiting till Thursday, July 13, 2023 12:39:14 PM

 Program still running 
Thursday, July 13, 2023 12:38:14 PM

 Preparing next schedule... 
Thursday, July 13, 2023 12:38:14 PM

Schedule started Thursday, July 13, 2023 12:38:14 PM

Schedule waiting till Thursday, July 13, 2023 12:39:15 PM

Schedule started Thursday, July 13, 2023 12:41:25 PM

Schedule waiting till Thursday, July 13, 2023 12:42:26 PM

 Program still running 
Thursday, July 13, 2023 12:42:26 PM

 Program still running 
Thursday, July 13, 2023 12:42:26 PM

Schedule started Thursday, July 13, 2023 12:42:26 PM

Schedule waiting till Thursday, July 13, 2023 12:43:26 PM

 Program exited with 0
Thursday, July 13, 2023 12:43:26 PM

 Program exited with 0
Thursday, July 13, 2023 12:43:26 PM

Schedule started Thursday, July 13, 2023 12:43:26 PM

Schedule waiting till Thursday, July 13, 2023 12:44:26 PM

 Program exited with 0
Thursday, July 13, 2023 12:44:26 PM

 Program exited with 0
Thursday, July 13, 2023 12:44:26 PM

Schedule started Thursday, July 13, 2023 12:44:26 PM

Schedule waiting till Thursday, July 13, 2023 12:45:26 PM

Schedule end triggered...
 next schedule cancelled at : Thursday, July 13, 2023 12:45:26 PM

 Tring to add Scheduler into autostart...

 Scheduler Added to autostart...

Automatic start scheduler initiated...Wednesday, August 2, 2023 11:06:58 AM

Schedule started Wednesday, August 2, 2023 11:06:58 AM

Schedule waiting till Wednesday, August 2, 2023 11:11:58 AM

Automatic start scheduler initiated...Wednesday, August 2, 2023 11:06:58 AM

Schedule started Wednesday, August 2, 2023 11:06:58 AM

Schedule waiting till Wednesday, August 2, 2023 11:11:58 AM

Automatic start scheduler initiated...Wednesday, August 2, 2023 11:06:58 AM

Schedule started Wednesday, August 2, 2023 11:06:59 AM

Schedule waiting till Wednesday, August 2, 2023 11:11:59 AM

Automatic start scheduler initiated...Wednesday, August 2, 2023 11:06:59 AM

Schedule started Wednesday, August 2, 2023 11:06:59 AM

Schedule waiting till Wednesday, August 2, 2023 11:11:59 AM

Automatic start scheduler initiated...Wednesday, August 2, 2023 11:07:00 AM

Schedule started Wednesday, August 2, 2023 11:07:00 AM

Schedule waiting till Wednesday, August 2, 2023 11:12:00 AM

Automatic start scheduler initiated...Wednesday, August 2, 2023 11:07:00 AM

Schedule started Wednesday, August 2, 2023 11:07:00 AM

Schedule waiting till Wednesday, August 2, 2023 11:12:00 AM

Automatic start scheduler initiated...Wednesday, August 2, 2023 11:07:00 AM

Schedule started Wednesday, August 2, 2023 11:07:00 AM

Schedule waiting till Wednesday, August 2, 2023 11:12:01 AM

Automatic start scheduler initiated...Wednesday, August 2, 2023 11:07:01 AM

Schedule started Wednesday, August 2, 2023 11:07:01 AM

Schedule waiting till Wednesday, August 2, 2023 11:12:01 AM

Automatic start scheduler initiated...Wednesday, August 2, 2023 11:07:01 AM

Schedule started Wednesday, August 2, 2023 11:07:01 AM

Schedule waiting till Wednesday, August 2, 2023 11:12:01 AM

Automatic start scheduler initiated...Wednesday, August 2, 2023 11:07:02 AM

Schedule started Wednesday, August 2, 2023 11:07:02 AM

Schedule waiting till Wednesday, August 2, 2023 11:12:02 AM

Automatic start scheduler initiated...Wednesday, August 2, 2023 11:07:02 AM

Schedule started Wednesday, August 2, 2023 11:07:02 AM

Schedule waiting till Wednesday, August 2, 2023 11:12:02 AM

Automatic start scheduler initiated...Wednesday, August 2, 2023 11:07:02 AM

Schedule started Wednesday, August 2, 2023 11:07:02 AM

Schedule waiting till Wednesday, August 2, 2023 11:12:03 AM

Automatic start scheduler initiated...Wednesday, August 2, 2023 11:07:03 AM

Schedule started Wednesday, August 2, 2023 11:07:03 AM

Schedule waiting till Wednesday, August 2, 2023 11:12:03 AM

Automatic start scheduler initiated...Wednesday, August 2, 2023 11:07:03 AM

Schedule started Wednesday, August 2, 2023 11:07:03 AM

Schedule waiting till Wednesday, August 2, 2023 11:12:04 AM

Automatic start scheduler initiated...Wednesday, August 2, 2023 11:07:04 AM

Schedule started Wednesday, August 2, 2023 11:07:04 AM

Schedule waiting till Wednesday, August 2, 2023 11:12:04 AM

Automatic start scheduler initiated...Wednesday, August 2, 2023 11:07:04 AM

Schedule started Wednesday, August 2, 2023 11:07:04 AM

Schedule waiting till Wednesday, August 2, 2023 11:12:04 AM

Automatic start scheduler initiated...Wednesday, August 2, 2023 11:07:05 AM

Schedule started Wednesday, August 2, 2023 11:07:05 AM

Schedule waiting till Wednesday, August 2, 2023 11:12:05 AM

Automatic start scheduler initiated...Wednesday, August 2, 2023 11:07:05 AM

Schedule started Wednesday, August 2, 2023 11:07:05 AM

Schedule waiting till Wednesday, August 2, 2023 11:12:05 AM

Automatic start scheduler initiated...Wednesday, August 2, 2023 11:07:05 AM

Schedule started Wednesday, August 2, 2023 11:07:06 AM

Schedule waiting till Wednesday, August 2, 2023 11:12:06 AM

Automatic start scheduler initiated...Wednesday, August 2, 2023 11:07:06 AM

Schedule started Wednesday, August 2, 2023 11:07:06 AM

Schedule waiting till Wednesday, August 2, 2023 11:12:06 AM

Automatic start scheduler initiated...Wednesday, August 2, 2023 11:07:06 AM

Schedule started Wednesday, August 2, 2023 11:07:06 AM

Schedule waiting till Wednesday, August 2, 2023 11:12:07 AM

Automatic start scheduler initiated...Wednesday, August 2, 2023 11:07:07 AM

Schedule started Wednesday, August 2, 2023 11:07:07 AM

Schedule waiting till Wednesday, August 2, 2023 11:12:07 AM

Automatic start scheduler initiated...Wednesday, August 2, 2023 11:07:07 AM

Schedule started Wednesday, August 2, 2023 11:07:07 AM

Schedule waiting till Wednesday, August 2, 2023 11:12:07 AM

Automatic start scheduler initiated...Wednesday, August 2, 2023 11:07:08 AM

Schedule started Wednesday, August 2, 2023 11:07:08 AM

Schedule waiting till Wednesday, August 2, 2023 11:12:08 AM

Automatic start scheduler initiated...Wednesday, August 2, 2023 11:07:08 AM

Schedule started Wednesday, August 2, 2023 11:07:08 AM

Schedule waiting till Wednesday, August 2, 2023 11:12:08 AM

Automatic start scheduler initiated...Wednesday, August 2, 2023 11:07:08 AM

Schedule started Wednesday, August 2, 2023 11:07:09 AM

Schedule waiting till Wednesday, August 2, 2023 11:12:09 AM

Automatic start scheduler initiated...Wednesday, August 2, 2023 11:07:09 AM

Schedule started Wednesday, August 2, 2023 11:07:09 AM

Schedule waiting till Wednesday, August 2, 2023 11:12:09 AM

Automatic start scheduler initiated...Wednesday, August 2, 2023 11:07:09 AM

Schedule started Wednesday, August 2, 2023 11:07:09 AM

Schedule waiting till Wednesday, August 2, 2023 11:12:10 AM

Automatic start scheduler initiated...Wednesday, August 2, 2023 11:07:10 AM

Schedule started Wednesday, August 2, 2023 11:07:10 AM

Schedule waiting till Wednesday, August 2, 2023 11:12:10 AM

Automatic start scheduler initiated...Wednesday, August 2, 2023 11:07:10 AM

Schedule started Wednesday, August 2, 2023 11:07:10 AM

Schedule waiting till Wednesday, August 2, 2023 11:12:10 AM

Automatic start scheduler initiated...Wednesday, August 2, 2023 11:07:11 AM

Schedule started Wednesday, August 2, 2023 11:07:11 AM

Schedule waiting till Wednesday, August 2, 2023 11:12:11 AM

Automatic start scheduler initiated...Wednesday, August 2, 2023 11:07:11 AM

Schedule started Wednesday, August 2, 2023 11:07:11 AM

Schedule waiting till Wednesday, August 2, 2023 11:12:11 AM

Automatic start scheduler initiated...Wednesday, August 2, 2023 11:07:11 AM

Schedule started Wednesday, August 2, 2023 11:07:11 AM

Schedule waiting till Wednesday, August 2, 2023 11:12:12 AM

Automatic start scheduler initiated...Wednesday, August 2, 2023 11:07:12 AM

Schedule started Wednesday, August 2, 2023 11:07:12 AM

Schedule waiting till Wednesday, August 2, 2023 11:12:12 AM

Automatic start scheduler initiated...Wednesday, August 2, 2023 11:07:12 AM

Schedule started Wednesday, August 2, 2023 11:07:12 AM

Schedule waiting till Wednesday, August 2, 2023 11:12:13 AM

Automatic start scheduler initiated...Wednesday, August 2, 2023 11:07:13 AM

Schedule started Wednesday, August 2, 2023 11:07:13 AM

Schedule waiting till Wednesday, August 2, 2023 11:12:13 AM

Automatic start scheduler initiated...Wednesday, August 2, 2023 11:07:13 AM

Schedule started Wednesday, August 2, 2023 11:07:13 AM

Schedule waiting till Wednesday, August 2, 2023 11:12:13 AM

Automatic start scheduler initiated...Wednesday, August 2, 2023 11:07:14 AM

Schedule started Wednesday, August 2, 2023 11:07:14 AM

Schedule waiting till Wednesday, August 2, 2023 11:12:14 AM

Automatic start scheduler initiated...Wednesday, August 2, 2023 11:07:14 AM

Schedule started Wednesday, August 2, 2023 11:07:14 AM

Schedule waiting till Wednesday, August 2, 2023 11:12:14 AM

Automatic start scheduler initiated...Wednesday, August 2, 2023 11:07:15 AM

Schedule started Wednesday, August 2, 2023 11:07:15 AM

Schedule waiting till Wednesday, August 2, 2023 11:12:15 AM

Automatic start scheduler initiated...Wednesday, August 2, 2023 11:07:15 AM

Schedule started Wednesday, August 2, 2023 11:07:15 AM

Schedule waiting till Wednesday, August 2, 2023 11:12:15 AM

Automatic start scheduler initiated...Wednesday, August 2, 2023 11:07:15 AM

Schedule started Wednesday, August 2, 2023 11:07:15 AM

Schedule waiting till Wednesday, August 2, 2023 11:12:16 AM

Automatic start scheduler initiated...Wednesday, August 2, 2023 11:07:16 AM

Schedule started Wednesday, August 2, 2023 11:07:16 AM

Schedule waiting till Wednesday, August 2, 2023 11:12:16 AM

Automatic start scheduler initiated...Wednesday, August 2, 2023 11:07:16 AM

Schedule started Wednesday, August 2, 2023 11:07:16 AM

Schedule waiting till Wednesday, August 2, 2023 11:12:16 AM

Automatic start scheduler initiated...Wednesday, August 2, 2023 11:07:17 AM

Schedule started Wednesday, August 2, 2023 11:07:17 AM

Schedule waiting till Wednesday, August 2, 2023 11:12:17 AM

Automatic start scheduler initiated...Wednesday, August 2, 2023 11:07:17 AM

Schedule started Wednesday, August 2, 2023 11:07:17 AM

Schedule waiting till Wednesday, August 2, 2023 11:12:17 AM

Automatic start scheduler initiated...Wednesday, August 2, 2023 11:07:18 AM

Schedule started Wednesday, August 2, 2023 11:07:18 AM

Schedule waiting till Wednesday, August 2, 2023 11:12:18 AM

Automatic start scheduler initiated...Wednesday, August 2, 2023 11:07:18 AM

Schedule started Wednesday, August 2, 2023 11:07:18 AM

Schedule waiting till Wednesday, August 2, 2023 11:12:18 AM

Automatic start scheduler initiated...Wednesday, August 2, 2023 11:07:18 AM

Schedule started Wednesday, August 2, 2023 11:07:18 AM

Schedule waiting till Wednesday, August 2, 2023 11:12:19 AM

Automatic start scheduler initiated...Wednesday, August 2, 2023 11:07:19 AM

Schedule started Wednesday, August 2, 2023 11:07:19 AM

Schedule waiting till Wednesday, August 2, 2023 11:12:19 AM

Automatic start scheduler initiated...Wednesday, August 2, 2023 11:07:19 AM

Schedule started Wednesday, August 2, 2023 11:07:19 AM

Schedule waiting till Wednesday, August 2, 2023 11:12:19 AM

Automatic start scheduler initiated...Wednesday, August 2, 2023 11:07:20 AM

Schedule started Wednesday, August 2, 2023 11:07:20 AM

Schedule waiting till Wednesday, August 2, 2023 11:12:20 AM

Automatic start scheduler initiated...Wednesday, August 2, 2023 11:07:20 AM

Schedule started Wednesday, August 2, 2023 11:07:20 AM

Schedule waiting till Wednesday, August 2, 2023 11:12:20 AM

Automatic start scheduler initiated...Wednesday, August 2, 2023 11:07:21 AM

Schedule started Wednesday, August 2, 2023 11:07:21 AM

Schedule waiting till Wednesday, August 2, 2023 11:12:21 AM

Automatic start scheduler initiated...Wednesday, August 2, 2023 11:07:21 AM

Schedule started Wednesday, August 2, 2023 11:07:21 AM

Schedule waiting till Wednesday, August 2, 2023 11:12:21 AM

Automatic start scheduler initiated...Wednesday, August 2, 2023 11:07:21 AM

Schedule started Wednesday, August 2, 2023 11:07:21 AM

Schedule waiting till Wednesday, August 2, 2023 11:12:22 AM

Automatic start scheduler initiated...Wednesday, August 2, 2023 11:07:22 AM

Schedule started Wednesday, August 2, 2023 11:07:22 AM

Schedule waiting till Wednesday, August 2, 2023 11:12:22 AM

Automatic start scheduler initiated...Wednesday, August 2, 2023 11:07:22 AM

Schedule started Wednesday, August 2, 2023 11:07:22 AM

Schedule waiting till Wednesday, August 2, 2023 11:12:23 AM

Automatic start scheduler initiated...Wednesday, August 2, 2023 11:07:23 AM

Schedule started Wednesday, August 2, 2023 11:07:23 AM

Schedule waiting till Wednesday, August 2, 2023 11:12:23 AM

Automatic start scheduler initiated...Wednesday, August 2, 2023 11:07:23 AM

Schedule started Wednesday, August 2, 2023 11:07:23 AM

Schedule waiting till Wednesday, August 2, 2023 11:12:24 AM

Automatic start scheduler initiated...Wednesday, August 2, 2023 11:07:24 AM

Schedule started Wednesday, August 2, 2023 11:07:24 AM

Schedule waiting till Wednesday, August 2, 2023 11:12:24 AM

Automatic start scheduler initiated...Wednesday, August 2, 2023 11:07:24 AM

Schedule started Wednesday, August 2, 2023 11:07:24 AM

Schedule waiting till Wednesday, August 2, 2023 11:12:24 AM

Automatic start scheduler initiated...Wednesday, August 2, 2023 11:07:25 AM

Schedule started Wednesday, August 2, 2023 11:07:25 AM

Schedule waiting till Wednesday, August 2, 2023 11:12:25 AM

Automatic start scheduler initiated...Wednesday, August 2, 2023 11:07:25 AM

Schedule started Wednesday, August 2, 2023 11:07:25 AM

Schedule waiting till Wednesday, August 2, 2023 11:12:25 AM

Automatic start scheduler initiated...Wednesday, August 2, 2023 11:07:25 AM

Schedule started Wednesday, August 2, 2023 11:07:26 AM

Schedule waiting till Wednesday, August 2, 2023 11:12:26 AM

Automatic start scheduler initiated...Wednesday, August 2, 2023 11:07:26 AM

Schedule started Wednesday, August 2, 2023 11:07:26 AM

Schedule waiting till Wednesday, August 2, 2023 11:12:26 AM

Automatic start scheduler initiated...Wednesday, August 2, 2023 11:07:27 AM

Schedule started Wednesday, August 2, 2023 11:07:27 AM

Schedule waiting till Wednesday, August 2, 2023 11:12:27 AM

Automatic start scheduler initiated...Wednesday, August 2, 2023 11:07:27 AM

Schedule started Wednesday, August 2, 2023 11:07:27 AM

Schedule waiting till Wednesday, August 2, 2023 11:12:28 AM

Automatic start scheduler initiated...Wednesday, August 2, 2023 11:07:28 AM

Schedule started Wednesday, August 2, 2023 11:07:29 AM

Schedule waiting till Wednesday, August 2, 2023 11:12:29 AM

Automatic start scheduler initiated...Wednesday, August 2, 2023 11:07:29 AM

Schedule started Wednesday, August 2, 2023 11:07:29 AM

Schedule waiting till Wednesday, August 2, 2023 11:12:30 AM

Automatic start scheduler initiated...Wednesday, August 2, 2023 11:07:30 AM

Schedule started Wednesday, August 2, 2023 11:07:30 AM

Schedule waiting till Wednesday, August 2, 2023 11:12:30 AM

Automatic start scheduler initiated...Wednesday, August 2, 2023 11:07:31 AM

Schedule started Wednesday, August 2, 2023 11:07:31 AM

Schedule waiting till Wednesday, August 2, 2023 11:12:32 AM

Automatic start scheduler initiated...Wednesday, August 2, 2023 11:07:33 AM

Schedule started Wednesday, August 2, 2023 11:07:33 AM

Schedule waiting till Wednesday, August 2, 2023 11:12:33 AM

Automatic start scheduler initiated...Wednesday, August 2, 2023 11:07:34 AM

Schedule started Wednesday, August 2, 2023 11:07:34 AM

Schedule waiting till Wednesday, August 2, 2023 11:12:36 AM

Automatic start scheduler initiated...Wednesday, August 2, 2023 11:07:36 AM

Schedule started Wednesday, August 2, 2023 11:07:36 AM

Schedule waiting till Wednesday, August 2, 2023 11:12:37 AM

Automatic start scheduler initiated...Wednesday, August 2, 2023 11:07:37 AM

Schedule started Wednesday, August 2, 2023 11:07:37 AM

Schedule waiting till Wednesday, August 2, 2023 11:12:37 AM

Automatic start scheduler initiated...Wednesday, August 2, 2023 11:07:38 AM

Schedule started Wednesday, August 2, 2023 11:07:38 AM

Schedule waiting till Wednesday, August 2, 2023 11:12:38 AM

Automatic start scheduler initiated...Wednesday, August 2, 2023 11:07:38 AM

Schedule started Wednesday, August 2, 2023 11:07:38 AM

Schedule waiting till Wednesday, August 2, 2023 11:12:39 AM

Automatic start scheduler initiated...Wednesday, August 2, 2023 11:07:39 AM

Schedule started Wednesday, August 2, 2023 11:07:39 AM

Schedule waiting till Wednesday, August 2, 2023 11:12:39 AM

Automatic start scheduler initiated...Wednesday, August 2, 2023 11:07:40 AM

Schedule started Wednesday, August 2, 2023 11:07:40 AM

Schedule waiting till Wednesday, August 2, 2023 11:12:40 AM

Automatic start scheduler initiated...Wednesday, August 2, 2023 11:07:41 AM

Schedule started Wednesday, August 2, 2023 11:07:41 AM

Schedule waiting till Wednesday, August 2, 2023 11:12:41 AM

Automatic start scheduler initiated...Wednesday, August 2, 2023 11:07:41 AM

Schedule started Wednesday, August 2, 2023 11:07:41 AM

Schedule waiting till Wednesday, August 2, 2023 11:12:41 AM

Automatic start scheduler initiated...Wednesday, August 2, 2023 11:07:42 AM

Schedule started Wednesday, August 2, 2023 11:07:42 AM

Schedule waiting till Wednesday, August 2, 2023 11:12:42 AM

Automatic start scheduler initiated...Wednesday, August 2, 2023 11:07:42 AM

Schedule started Wednesday, August 2, 2023 11:07:42 AM

Schedule waiting till Wednesday, August 2, 2023 11:12:43 AM

Automatic start scheduler initiated...Wednesday, August 2, 2023 11:07:43 AM

Schedule started Wednesday, August 2, 2023 11:07:43 AM

Schedule waiting till Wednesday, August 2, 2023 11:12:43 AM

Automatic start scheduler initiated...Wednesday, August 2, 2023 11:07:43 AM

Schedule started Wednesday, August 2, 2023 11:07:43 AM

Schedule waiting till Wednesday, August 2, 2023 11:12:44 AM

Automatic start scheduler initiated...Wednesday, August 2, 2023 11:07:44 AM

Schedule started Wednesday, August 2, 2023 11:07:44 AM

Schedule waiting till Wednesday, August 2, 2023 11:12:44 AM

 Tring to add Scheduler into autostart...

 Scheduler Added to autostart...

 Tring to add Scheduler into autostart...

 Scheduler Added to autostart...

 Scheduler Removing from autostart...

 Scheduler Removed from autostart...

 Scheduler Removing from autostart...

 Scheduler Removed from autostart...

 Tring to add Scheduler into autostart...

 Scheduler Added to autostart...

 Scheduler Removing from autostart...

 Scheduler Removed from autostart...

 Tring to add Scheduler into autostart...

 Scheduler Added to autostart...

 Scheduler Removing from autostart...

 Scheduler Removed from autostart...

Schedule started Monday, August 7, 2023 4:19:43 PM

Schedule waiting till Monday, August 7, 2023 4:24:45 PM

Schedule end triggered...
 next schedule cancelled at : Monday, August 7, 2023 4:24:45 PM

Schedule started Monday, August 7, 2023 4:25:18 PM

Schedule waiting till Monday, August 7, 2023 4:30:18 PM

VAL Schedule started Monday, August 7, 2023 4:25:18 PM

VAL Schedule waiting till Monday, August 7, 2023 4:30:18 PM

Prod Schedule started Monday, August 7, 2023 4:25:19 PM

Prod Schedule waiting till Monday, August 7, 2023 4:30:19 PM

Schedule started Monday, August 7, 2023 4:26:32 PM

Schedule waiting till Monday, August 7, 2023 4:31:32 PM

VAL Schedule started Monday, August 7, 2023 4:26:33 PM

VAL Schedule waiting till Monday, August 7, 2023 4:31:32 PM

Prod Schedule started Monday, August 7, 2023 4:26:34 PM

Prod Schedule waiting till Monday, August 7, 2023 4:31:34 PM

Prod Schedule started Monday, August 7, 2023 4:29:32 PM

Prod Schedule waiting till Monday, August 7, 2023 4:34:32 PM

VAL Schedule started Monday, August 7, 2023 4:29:34 PM

VAL Schedule waiting till Monday, August 7, 2023 4:29:22 PM

Sat Schedule started Monday, August 7, 2023 4:29:35 PM

Sat Schedule waiting till Monday, August 7, 2023 4:34:35 PM

 Tring to add Scheduler into autostart...

 Scheduler Added to autostart...

 Tring to add Scheduler into autostart...

 Scheduler Added to autostart...

Automatic start scheduler SAT initiated...Monday, August 7, 2023 4:38:51 PM

Automatic start scheduler VAL initiated...Monday, August 7, 2023 4:38:52 PM

Automatic start scheduler PROD initiated...Monday, August 7, 2023 4:38:52 PM

Prod Schedule started Monday, August 7, 2023 4:38:52 PM

VAL Schedule waiting till Monday, August 7, 2023 4:38:51 PM

Prod Schedule waiting till Monday, August 7, 2023 4:43:52 PM

Automatic start scheduler SAT initiated...Monday, August 7, 2023 4:44:53 PM

Sat Schedule started Monday, August 7, 2023 4:44:53 PM

VAL Schedule started Monday, August 7, 2023 4:44:53 PM

Prod Schedule started Monday, August 7, 2023 4:44:53 PM

VAL Schedule waiting till Monday, August 7, 2023 4:44:52 PM

Sat Schedule waiting till Monday, August 7, 2023 4:49:53 PM

Prod Schedule waiting till Monday, August 7, 2023 4:49:53 PM

 Prod Schedule end triggered...
 next schedule cancelled at : Monday, August 7, 2023 4:49:53 PM

Automatic start scheduler SAT initiated...Monday, August 7, 2023 5:05:12 PM

Automatic start scheduler VAL initiated...Monday, August 7, 2023 5:05:12 PM

Automatic start scheduler PROD initiated...Monday, August 7, 2023 5:05:12 PM

VAL Schedule started Monday, August 7, 2023 5:05:12 PM

Prod Schedule started Monday, August 7, 2023 5:05:12 PM

Sat Schedule waiting till Monday, August 7, 2023 5:10:13 PM

Prod Schedule waiting till Monday, August 7, 2023 5:10:13 PM

VAL Schedule waiting till Monday, August 7, 2023 5:10:13 PM

 Scheduler Removing from autostart...

 Scheduler Removed from autostart...

Automatic start scheduler VAL initiated...Monday, August 7, 2023 5:07:37 PM

Automatic start scheduler PROD initiated...Monday, August 7, 2023 5:07:38 PM

 Scheduler Removing from autostart...

 Scheduler Removed from autostart...

 Tring to add Scheduler into autostart...

 Scheduler Added to autostart...

Automatic start scheduler VAL initiated...Monday, August 7, 2023 5:08:05 PM

Automatic start scheduler PROD initiated...Monday, August 7, 2023 5:08:06 PM

 Scheduler Removing from autostart...

 Scheduler Removed from autostart...

Automatic start scheduler VAL initiated...Monday, August 7, 2023 5:10:24 PM

Automatic start scheduler PROD initiated...Monday, August 7, 2023 5:10:27 PM

Automatic start scheduler VAL initiated...Monday, August 7, 2023 5:11:05 PM

Automatic start scheduler PROD initiated...Monday, August 7, 2023 5:11:07 PM

Prod Schedule started Monday, August 7, 2023 5:11:08 PM

VAL Schedule waiting till Monday, August 7, 2023 5:11:03 PM

Prod Schedule waiting till Monday, August 7, 2023 5:16:08 PM

 Scheduler Removing from autostart...

 Scheduler Removed from autostart...

 Tring to add Scheduler into autostart...

 Scheduler Added to autostart...

 Scheduler Removing from autostart...

 Scheduler Removed from autostart...

Prod Schedule end triggered...
 next schedule cancelled at : Monday, August 7, 2023 5:16:08 PM

Val Schedule end triggered...
 next schedule cancelled at : Monday, August 7, 2023 5:16:08 PM

Automatic start scheduler VAL initiated...Monday, August 7, 2023 5:12:48 PM

Automatic start scheduler PROD initiated...Monday, August 7, 2023 5:12:48 PM

Prod Schedule started Monday, August 7, 2023 5:12:48 PM

VAL Schedule waiting till Monday, August 7, 2023 5:12:48 PM

Prod Schedule waiting till Monday, August 7, 2023 5:17:48 PM

Val Schedule end triggered...
 next schedule cancelled at : Monday, August 7, 2023 5:17:48 PM

Prod Schedule end triggered...
 next schedule cancelled at : Monday, August 7, 2023 5:17:48 PM

Automatic start scheduler VAL initiated...Monday, August 7, 2023 5:13:58 PM

Automatic start scheduler PROD initiated...Monday, August 7, 2023 5:13:58 PM

Prod Schedule started Monday, August 7, 2023 5:13:58 PM

Prod Schedule waiting till Monday, August 7, 2023 5:18:59 PM

VAL Schedule waiting till Monday, August 7, 2023 5:13:58 PM

Prod Schedule end triggered...
 next schedule cancelled at : Monday, August 7, 2023 5:18:59 PM

Val Schedule end triggered...
 next schedule cancelled at : Monday, August 7, 2023 5:18:59 PM

Automatic start scheduler VAL initiated...Monday, August 7, 2023 5:15:47 PM

Automatic start scheduler PROD initiated...Monday, August 7, 2023 5:15:47 PM

Prod Schedule started Monday, August 7, 2023 5:15:47 PM

Prod Schedule waiting till Monday, August 7, 2023 5:20:47 PM

VAL Schedule waiting till Monday, August 7, 2023 5:20:47 PM

Val Schedule end triggered...
 next schedule cancelled at : Monday, August 7, 2023 5:20:47 PM

 Scheduler Removing from autostart...

 Scheduler Removed from autostart...

 Tring to add Scheduler into autostart...

 Scheduler Added to autostart...

Automatic start scheduler PROD initiated...Monday, August 7, 2023 5:17:21 PM

Prod Schedule started Monday, August 7, 2023 5:17:21 PM

Prod Schedule waiting till Monday, August 7, 2023 5:22:21 PM

 Scheduler Removing from autostart...

 Scheduler Removed from autostart...

Automatic start scheduler PROD initiated...Monday, August 7, 2023 5:17:37 PM

Prod Schedule started Monday, August 7, 2023 5:17:37 PM

Prod Schedule waiting till Monday, August 7, 2023 5:22:37 PM

Automatic start scheduler PROD initiated...Monday, August 7, 2023 5:18:44 PM

Prod Schedule started Monday, August 7, 2023 5:18:44 PM

Prod Schedule waiting till Monday, August 7, 2023 5:23:44 PM

 Scheduler Removing from autostart...

 Scheduler Removed from autostart...

 Prod Schedule end triggered...
 next schedule cancelled at : Monday, August 7, 2023 5:23:44 PM

 Tring to add Scheduler into autostart...

 Scheduler Added to autostart...

Automatic start scheduler SAT initiated...Monday, August 7, 2023 5:19:52 PM

Automatic start scheduler VAL initiated...Monday, August 7, 2023 5:19:52 PM

Automatic start scheduler PROD initiated...Monday, August 7, 2023 5:19:52 PM

Prod Schedule started Monday, August 7, 2023 5:19:52 PM

Prod Schedule waiting till Monday, August 7, 2023 5:24:53 PM

Sat Schedule waiting till Monday, August 7, 2023 5:20:53 PM

Prod Schedule end triggered...
 next schedule cancelled at : Monday, August 7, 2023 5:24:53 PM

Val Schedule end triggered...
 next schedule cancelled at : Monday, August 7, 2023 5:24:53 PM

Sat Schedule end triggered...
 next schedule cancelled at : Monday, August 7, 2023 5:20:53 PM

 Scheduler Removing from autostart...

 Scheduler Removed from autostart...

VAL Schedule started Monday, August 7, 2023 6:00:40 PM

VAL Schedule waiting till Monday, August 7, 2023 6:20:40 PM

Val Schedule end triggered...
 next schedule cancelled at : Monday, August 7, 2023 6:20:40 PM

Val Schedule end triggered...
 next schedule cancelled at : Monday, August 7, 2023 6:20:40 PM

Sat Schedule started Wednesday, September 13, 2023 2:38:47 PM

Sat Schedule waiting till Wednesday, September 13, 2023 4:08:47 PM

 Tring to add Scheduler into autostart...

 Scheduler Added to autostart...

Sat Schedule started Wednesday, September 13, 2023 2:40:44 PM

Sat Schedule waiting till Wednesday, September 13, 2023 4:10:45 PM

Checking for tmp files from total : 26

 No tmp files deleted 

 No tmp files deleted 

 No tmp files deleted 

 No tmp files deleted 

 No tmp files deleted 

 No tmp files deleted 

 No tmp files deleted 

 No tmp files deleted 

 No tmp files deleted 

 No tmp files deleted 

 No tmp files deleted 

 No tmp files deleted 

 No tmp files deleted 

 No tmp files deleted 

 No tmp files deleted 

 No tmp files deleted 

 No tmp files deleted 

 No tmp files deleted 

 No tmp files deleted 

 No tmp files deleted 

 No tmp files deleted 

 No tmp files deleted 

 No tmp files deleted 

 No tmp files deleted 

 No tmp files deleted 

 No tmp files deleted 

Sat Schedule end triggered...
 next schedule cancelled at : Wednesday, September 13, 2023 4:10:45 PM

Sat Schedule started Wednesday, September 13, 2023 2:41:08 PM

Sat Schedule waiting till Wednesday, September 13, 2023 4:11:08 PM

Checking for tmp files from total : 26

 No tmp files deleted 

Automatic start scheduler SAT initiated...Wednesday, September 13, 2023 2:43:49 PM

Sat Schedule started Wednesday, September 13, 2023 2:43:49 PM

Sat Schedule waiting till Wednesday, September 13, 2023 4:13:50 PM

Checking for tmp files from total : 26

Automatic start scheduler SAT initiated...Wednesday, September 13, 2023 2:44:49 PM

Sat Schedule started Wednesday, September 13, 2023 2:44:49 PM

Sat Schedule waiting till Wednesday, September 13, 2023 4:14:49 PM

Checking for tmp files from total : 26

 No tmp files deleted 

Sat Schedule end triggered...
 next schedule cancelled at : Wednesday, September 13, 2023 4:14:49 PM

Sat Schedule started Wednesday, September 13, 2023 2:45:12 PM

Sat Schedule waiting till Wednesday, September 13, 2023 4:15:12 PM

Checking for tmp files from total : 26

 No tmp files deleted 

Sat Schedule end triggered...
 next schedule cancelled at : Wednesday, September 13, 2023 4:15:12 PM

Automatic start scheduler SAT initiated...Wednesday, September 13, 2023 2:45:35 PM

Sat Schedule started Wednesday, September 13, 2023 2:45:35 PM

Sat Schedule waiting till Wednesday, September 13, 2023 4:15:35 PM

Checking for tmp files from total : 26

 No tmp files deleted 

Sat Schedule end triggered...
 next schedule cancelled at : Wednesday, September 13, 2023 4:15:35 PM

Automatic start scheduler SAT initiated...Wednesday, September 13, 2023 2:46:40 PM

Checking for tmp files from total : 26

 No tmp files deleted 

Sat Schedule started Wednesday, September 13, 2023 2:46:40 PM

Sat Schedule waiting till Wednesday, September 13, 2023 4:16:40 PM

Sat Schedule end triggered...
 next schedule cancelled at : Wednesday, September 13, 2023 4:16:40 PM

Checking for tmp files from total : 26

 No tmp files deleted 

Sat Schedule started Wednesday, September 13, 2023 2:46:46 PM

Sat Schedule waiting till Wednesday, September 13, 2023 4:16:46 PM

Sat Schedule end triggered...
 next schedule cancelled at : Wednesday, September 13, 2023 4:16:46 PM

Checking for tmp files from total : 26

 No tmp files deleted 

Sat Schedule started Wednesday, September 13, 2023 2:48:15 PM

Sat Schedule waiting till Wednesday, September 13, 2023 4:18:15 PM

Checking for tmp files from total : 11

 No tmp files deleted 

Prod Schedule started Sunday, December 24, 2023 12:30:28 PM

Prod Schedule waiting till Sunday, December 24, 2023 12:35:28 PM

Prod Schedule end triggered...
 next schedule cancelled at : Sunday, December 24, 2023 12:35:28 PM

Checking for tmp files from total : 11

 No tmp files deleted 

Prod Schedule started Sunday, December 24, 2023 12:30:41 PM

Prod Schedule waiting till Sunday, December 24, 2023 12:31:41 PM

 Last Prod Program exited with result 0
Sunday, December 24, 2023 12:31:41 PM

Checking for tmp files from total : 11

 No tmp files deleted 

Prod Schedule started Sunday, December 24, 2023 12:31:41 PM

Prod Schedule waiting till Sunday, December 24, 2023 12:32:41 PM

Prod Schedule end triggered...
 next schedule cancelled at : Sunday, December 24, 2023 12:32:41 PM

Checking for tmp files from total : 11

 No tmp files deleted 

Prod Schedule started Sunday, December 24, 2023 12:32:00 PM

Prod Schedule waiting till Sunday, December 24, 2023 12:33:00 PM

Prod Schedule end triggered...
 next schedule cancelled at : Sunday, December 24, 2023 12:33:00 PM

Checking for tmp files from total : 106

 No tmp files deleted 

Prod Schedule started Tuesday, January 9, 2024 12:24:46 PM

Prod Schedule waiting till Tuesday, January 9, 2024 12:25:47 PM

Checking for tmp files from total : 106

 No tmp files deleted 

Prod Schedule started Tuesday, January 9, 2024 12:25:47 PM

Prod Schedule waiting till Tuesday, January 9, 2024 12:26:47 PM

Checking for tmp files from total : 106

 No tmp files deleted 

Prod Schedule started Tuesday, January 9, 2024 12:26:47 PM

Prod Schedule waiting till Tuesday, January 9, 2024 12:27:47 PM

Checking for tmp files from total : 106

 No tmp files deleted 

Prod Schedule started Tuesday, January 9, 2024 12:27:47 PM

Prod Schedule waiting till Tuesday, January 9, 2024 12:28:47 PM

Checking for tmp files from total : 106

 No tmp files deleted 

Prod Schedule started Tuesday, January 9, 2024 12:28:47 PM

Prod Schedule waiting till Tuesday, January 9, 2024 12:29:47 PM

Checking for tmp files from total : 106

 No tmp files deleted 

Prod Schedule started Tuesday, January 9, 2024 12:29:48 PM

Prod Schedule waiting till Tuesday, January 9, 2024 12:30:48 PM

Checking for tmp files from total : 106

 No tmp files deleted 

Prod Schedule started Tuesday, January 9, 2024 12:30:48 PM

Prod Schedule waiting till Tuesday, January 9, 2024 12:31:48 PM

Checking for tmp files from total : 106

 No tmp files deleted 

Prod Schedule started Tuesday, January 9, 2024 12:31:48 PM

Prod Schedule waiting till Tuesday, January 9, 2024 12:32:48 PM

Checking for tmp files from total : 106

 No tmp files deleted 

Prod Schedule started Tuesday, January 9, 2024 12:32:48 PM

Prod Schedule waiting till Tuesday, January 9, 2024 12:33:48 PM

Checking for tmp files from total : 106

 No tmp files deleted 

Prod Schedule started Tuesday, January 9, 2024 12:33:48 PM

Prod Schedule waiting till Tuesday, January 9, 2024 12:34:48 PM

Checking for tmp files from total : 106

 No tmp files deleted 

Prod Schedule started Tuesday, January 9, 2024 12:34:48 PM

Checking for tmp files from total : 106

 No tmp files deleted 

Prod Schedule started Tuesday, January 9, 2024 12:36:21 PM

Prod Schedule waiting till Tuesday, January 9, 2024 12:42:07 PM

Prod Schedule end triggered...
 next schedule cancelled at : Tuesday, January 9, 2024 12:42:07 PM

Checking for tmp files from total : 106

 No tmp files deleted 

Prod Schedule started Tuesday, January 9, 2024 12:40:23 PM
